This is pdfTeX, Version 3.14159265-2.6-1.40.16 (MiKTeX 2.9) (preloaded format=pdflatex 2016.1.10)  14 MAR 2017 21:18
entering extended mode
**Vortrag.tex
(Vortrag.tex
LaTeX2e <2015/01/01> patch level 2
Babel <3.9m> and hyphenation patterns for 69 languages loaded.
("C:\Program Files (x86)\MiKTeX 2.9\tex\latex\beamer\base\beamer.cls"
("C:\Program Files (x86)\MiKTeX 2.9\tex\latex\beamer\base\beamerbasercs.sty"
Package: beamerbasercs 2015/03/08 (rcs-revision 368aa9ba9d38)
)
Document Class: beamer 2015/01/05 3.36 A class for typesetting presentations (r
cs-revision 8a39122e1f63)
("C:\Program Files (x86)\MiKTeX 2.9\tex\latex\beamer\base\beamerbasemodes.sty"
Package: beamerbasemodes 2013/09/03 (rcs-revision 768f2d98ca64)
\beamer@tempbox=\box26
\beamer@tempcount=\count79
\c@beamerpauses=\count80

("C:\Program Files (x86)\MiKTeX 2.9\tex\latex\beamer\base\beamerbasedecode.sty"
Package: beamerbasedecode 2010/05/01 (rcs-revision efa082c6111d)
\beamer@slideinframe=\count81
\beamer@minimum=\count82
)
\beamer@commentbox=\box27
\beamer@modecount=\count83
) ("C:\Program Files (x86)\MiKTeX 2.9\tex\generic\oberdiek\ifpdf.sty"
Package: ifpdf 2011/01/30 v2.3 Provides the ifpdf switch (HO)
Package ifpdf Info: pdfTeX in PDF mode is detected.
)
\headheight=\dimen102
\headdp=\dimen103
\footheight=\dimen104
\sidebarheight=\dimen105
\beamer@tempdim=\dimen106
\beamer@finalheight=\dimen107
\beamer@animht=\dimen108
\beamer@animdp=\dimen109
\beamer@animwd=\dimen110
\beamer@leftmargin=\dimen111
\beamer@rightmargin=\dimen112
\beamer@leftsidebar=\dimen113
\beamer@rightsidebar=\dimen114
\beamer@boxsize=\dimen115
\beamer@vboxoffset=\dimen116
\beamer@descdefault=\dimen117
\beamer@descriptionwidth=\dimen118
\beamer@lastskip=\skip41
\beamer@areabox=\box28
\beamer@animcurrent=\box29
\beamer@animshowbox=\box30
\beamer@sectionbox=\box31
\beamer@logobox=\box32
\beamer@linebox=\box33
\beamer@sectioncount=\count84
\beamer@subsubsectionmax=\count85
\beamer@subsectionmax=\count86
\beamer@sectionmax=\count87
\beamer@totalheads=\count88
\beamer@headcounter=\count89
\beamer@partstartpage=\count90
\beamer@sectionstartpage=\count91
\beamer@subsectionstartpage=\count92
\beamer@animationtempa=\count93
\beamer@animationtempb=\count94
\beamer@xpos=\count95
\beamer@ypos=\count96
\beamer@showpartnumber=\count97
\beamer@currentsubsection=\count98
\beamer@coveringdepth=\count99
\beamer@sectionadjust=\count100
\beamer@tocsectionnumber=\count101

("C:\Program Files (x86)\MiKTeX 2.9\tex\latex\beamer\base\beamerbaseoptions.sty
"
Package: beamerbaseoptions 2013/03/10 (rcs-revision 47431932db0d)
 ("C:\Program Files (x86)\MiKTeX 2.9\tex\latex\graphics\keyval.sty"
Package: keyval 2014/10/28 v1.15 key=value parser (DPC)
\KV@toks@=\toks14
))
\beamer@paperwidth=\skip42
\beamer@paperheight=\skip43

("C:\Program Files (x86)\MiKTeX 2.9\tex\latex\geometry\geometry.sty"
Package: geometry 2010/09/12 v5.6 Page Geometry

("C:\Program Files (x86)\MiKTeX 2.9\tex\generic\oberdiek\ifvtex.sty"
Package: ifvtex 2010/03/01 v1.5 Detect VTeX and its facilities (HO)
Package ifvtex Info: VTeX not detected.
)
("C:\Program Files (x86)\MiKTeX 2.9\tex\generic\ifxetex\ifxetex.sty"
Package: ifxetex 2010/09/12 v0.6 Provides ifxetex conditional
)
\Gm@cnth=\count102
\Gm@cntv=\count103
\c@Gm@tempcnt=\count104
\Gm@bindingoffset=\dimen119
\Gm@wd@mp=\dimen120
\Gm@odd@mp=\dimen121
\Gm@even@mp=\dimen122
\Gm@layoutwidth=\dimen123
\Gm@layoutheight=\dimen124
\Gm@layouthoffset=\dimen125
\Gm@layoutvoffset=\dimen126
\Gm@dimlist=\toks15

("C:\Program Files (x86)\MiKTeX 2.9\tex\latex\geometry\geometry.cfg"))
("C:\Program Files (x86)\MiKTeX 2.9\tex\latex\base\size11.clo"
File: size11.clo 2014/09/29 v1.4h Standard LaTeX file (size option)
)
("C:\Program Files (x86)\MiKTeX 2.9\tex\latex\pgf\basiclayer\pgfcore.sty"
("C:\Program Files (x86)\MiKTeX 2.9\tex\latex\graphics\graphicx.sty"
Package: graphicx 2014/10/28 v1.0g Enhanced LaTeX Graphics (DPC,SPQR)

("C:\Program Files (x86)\MiKTeX 2.9\tex\latex\graphics\graphics.sty"
Package: graphics 2014/10/28 v1.0p Standard LaTeX Graphics (DPC,SPQR)

("C:\Program Files (x86)\MiKTeX 2.9\tex\latex\graphics\trig.sty"
Package: trig 1999/03/16 v1.09 sin cos tan (DPC)
)
("C:\Program Files (x86)\MiKTeX 2.9\tex\latex\00miktex\graphics.cfg"
File: graphics.cfg 2007/01/18 v1.5 graphics configuration of teTeX/TeXLive
)
Package graphics Info: Driver file: pdftex.def on input line 94.

("C:\Program Files (x86)\MiKTeX 2.9\tex\latex\pdftex-def\pdftex.def"
File: pdftex.def 2011/05/27 v0.06d Graphics/color for pdfTeX

("C:\Program Files (x86)\MiKTeX 2.9\tex\generic\oberdiek\infwarerr.sty"
Package: infwarerr 2010/04/08 v1.3 Providing info/warning/error messages (HO)
)
("C:\Program Files (x86)\MiKTeX 2.9\tex\generic\oberdiek\ltxcmds.sty"
Package: ltxcmds 2011/11/09 v1.22 LaTeX kernel commands for general use (HO)
)
\Gread@gobject=\count105
))
\Gin@req@height=\dimen127
\Gin@req@width=\dimen128
)
("C:\Program Files (x86)\MiKTeX 2.9\tex\latex\pgf\systemlayer\pgfsys.sty"
("C:\Program Files (x86)\MiKTeX 2.9\tex\latex\pgf\utilities\pgfrcs.sty"
("C:\Program Files (x86)\MiKTeX 2.9\tex\generic\pgf\utilities\pgfutil-common.te
x"
\pgfutil@everybye=\toks16
\pgfutil@tempdima=\dimen129
\pgfutil@tempdimb=\dimen130

("C:\Program Files (x86)\MiKTeX 2.9\tex\generic\pgf\utilities\pgfutil-common-li
sts.tex"))
("C:\Program Files (x86)\MiKTeX 2.9\tex\generic\pgf\utilities\pgfutil-latex.def
"
\pgfutil@abb=\box34
 ("C:\Program Files (x86)\MiKTeX 2.9\tex\latex\ms\everyshi.sty"
Package: everyshi 2001/05/15 v3.00 EveryShipout Package (MS)
))
("C:\Program Files (x86)\MiKTeX 2.9\tex\generic\pgf\utilities\pgfrcs.code.tex"
Package: pgfrcs 2015/08/07 v3.0.1a (rcs-revision 1.31)
))
("C:\Program Files (x86)\MiKTeX 2.9\tex\generic\pgf\systemlayer\pgfsys.code.tex
"
Package: pgfsys 2014/07/09 v3.0.1a (rcs-revision 1.48)
 ("C:\Program Files (x86)\MiKTeX 2.9\tex\generic\pgf\utilities\pgfkeys.code.tex
"
\pgfkeys@pathtoks=\toks17
\pgfkeys@temptoks=\toks18

("C:\Program Files (x86)\MiKTeX 2.9\tex\generic\pgf\utilities\pgfkeysfiltered.c
ode.tex"
\pgfkeys@tmptoks=\toks19
))
\pgf@x=\dimen131
\pgf@y=\dimen132
\pgf@xa=\dimen133
\pgf@ya=\dimen134
\pgf@xb=\dimen135
\pgf@yb=\dimen136
\pgf@xc=\dimen137
\pgf@yc=\dimen138
\w@pgf@writea=\write3
\r@pgf@reada=\read1
\c@pgf@counta=\count106
\c@pgf@countb=\count107
\c@pgf@countc=\count108
\c@pgf@countd=\count109
\t@pgf@toka=\toks20
\t@pgf@tokb=\toks21
\t@pgf@tokc=\toks22

("C:\Program Files (x86)\MiKTeX 2.9\tex\generic\pgf\systemlayer\pgf.cfg"
File: pgf.cfg 2008/05/14  (rcs-revision 1.7)
)
Driver file for pgf: pgfsys-pdftex.def

("C:\Program Files (x86)\MiKTeX 2.9\tex\generic\pgf\systemlayer\pgfsys-pdftex.d
ef"
File: pgfsys-pdftex.def 2014/10/11  (rcs-revision 1.35)

("C:\Program Files (x86)\MiKTeX 2.9\tex\generic\pgf\systemlayer\pgfsys-common-p
df.def"
File: pgfsys-common-pdf.def 2013/10/10  (rcs-revision 1.13)
)))
("C:\Program Files (x86)\MiKTeX 2.9\tex\generic\pgf\systemlayer\pgfsyssoftpath.
code.tex"
File: pgfsyssoftpath.code.tex 2013/09/09  (rcs-revision 1.9)
\pgfsyssoftpath@smallbuffer@items=\count110
\pgfsyssoftpath@bigbuffer@items=\count111
)
("C:\Program Files (x86)\MiKTeX 2.9\tex\generic\pgf\systemlayer\pgfsysprotocol.
code.tex"
File: pgfsysprotocol.code.tex 2006/10/16  (rcs-revision 1.4)
)) ("C:\Program Files (x86)\MiKTeX 2.9\tex\latex\xcolor\xcolor.sty"
Package: xcolor 2007/01/21 v2.11 LaTeX color extensions (UK)

("C:\Program Files (x86)\MiKTeX 2.9\tex\latex\00miktex\color.cfg"
File: color.cfg 2007/01/18 v1.5 color configuration of teTeX/TeXLive
)
Package xcolor Info: Driver file: pdftex.def on input line 225.
Package xcolor Info: Model `cmy' substituted by `cmy0' on input line 1337.
Package xcolor Info: Model `hsb' substituted by `rgb' on input line 1341.
Package xcolor Info: Model `RGB' extended on input line 1353.
Package xcolor Info: Model `HTML' substituted by `rgb' on input line 1355.
Package xcolor Info: Model `Hsb' substituted by `hsb' on input line 1356.
Package xcolor Info: Model `tHsb' substituted by `hsb' on input line 1357.
Package xcolor Info: Model `HSB' substituted by `hsb' on input line 1358.
Package xcolor Info: Model `Gray' substituted by `gray' on input line 1359.
Package xcolor Info: Model `wave' substituted by `hsb' on input line 1360.
)
("C:\Program Files (x86)\MiKTeX 2.9\tex\generic\pgf\basiclayer\pgfcore.code.tex
"
Package: pgfcore 2010/04/11 v3.0.1a (rcs-revision 1.7)
 ("C:\Program Files (x86)\MiKTeX 2.9\tex\generic\pgf\math\pgfmath.code.tex"
("C:\Program Files (x86)\MiKTeX 2.9\tex\generic\pgf\math\pgfmathcalc.code.tex"
("C:\Program Files (x86)\MiKTeX 2.9\tex\generic\pgf\math\pgfmathutil.code.tex")
("C:\Program Files (x86)\MiKTeX 2.9\tex\generic\pgf\math\pgfmathparser.code.tex
"
\pgfmath@dimen=\dimen139
\pgfmath@count=\count112
\pgfmath@box=\box35
\pgfmath@toks=\toks23
\pgfmath@stack@operand=\toks24
\pgfmath@stack@operation=\toks25
)
("C:\Program Files (x86)\MiKTeX 2.9\tex\generic\pgf\math\pgfmathfunctions.code.
tex"
("C:\Program Files (x86)\MiKTeX 2.9\tex\generic\pgf\math\pgfmathfunctions.basic
.code.tex")
("C:\Program Files (x86)\MiKTeX 2.9\tex\generic\pgf\math\pgfmathfunctions.trigo
nometric.code.tex")
("C:\Program Files (x86)\MiKTeX 2.9\tex\generic\pgf\math\pgfmathfunctions.rando
m.code.tex")
("C:\Program Files (x86)\MiKTeX 2.9\tex\generic\pgf\math\pgfmathfunctions.compa
rison.code.tex")
("C:\Program Files (x86)\MiKTeX 2.9\tex\generic\pgf\math\pgfmathfunctions.base.
code.tex")
("C:\Program Files (x86)\MiKTeX 2.9\tex\generic\pgf\math\pgfmathfunctions.round
.code.tex")
("C:\Program Files (x86)\MiKTeX 2.9\tex\generic\pgf\math\pgfmathfunctions.misc.
code.tex")
("C:\Program Files (x86)\MiKTeX 2.9\tex\generic\pgf\math\pgfmathfunctions.integ
erarithmetics.code.tex")))
("C:\Program Files (x86)\MiKTeX 2.9\tex\generic\pgf\math\pgfmathfloat.code.tex"
\c@pgfmathroundto@lastzeros=\count113
))
("C:\Program Files (x86)\MiKTeX 2.9\tex\generic\pgf\basiclayer\pgfcorepoints.co
de.tex"
File: pgfcorepoints.code.tex 2013/10/07  (rcs-revision 1.27)
\pgf@picminx=\dimen140
\pgf@picmaxx=\dimen141
\pgf@picminy=\dimen142
\pgf@picmaxy=\dimen143
\pgf@pathminx=\dimen144
\pgf@pathmaxx=\dimen145
\pgf@pathminy=\dimen146
\pgf@pathmaxy=\dimen147
\pgf@xx=\dimen148
\pgf@xy=\dimen149
\pgf@yx=\dimen150
\pgf@yy=\dimen151
\pgf@zx=\dimen152
\pgf@zy=\dimen153
)
("C:\Program Files (x86)\MiKTeX 2.9\tex\generic\pgf\basiclayer\pgfcorepathconst
ruct.code.tex"
File: pgfcorepathconstruct.code.tex 2013/10/07  (rcs-revision 1.29)
\pgf@path@lastx=\dimen154
\pgf@path@lasty=\dimen155
)
("C:\Program Files (x86)\MiKTeX 2.9\tex\generic\pgf\basiclayer\pgfcorepathusage
.code.tex"
File: pgfcorepathusage.code.tex 2014/11/02  (rcs-revision 1.24)
\pgf@shorten@end@additional=\dimen156
\pgf@shorten@start@additional=\dimen157
)
("C:\Program Files (x86)\MiKTeX 2.9\tex\generic\pgf\basiclayer\pgfcorescopes.co
de.tex"
File: pgfcorescopes.code.tex 2015/05/08  (rcs-revision 1.46)
\pgfpic=\box36
\pgf@hbox=\box37
\pgf@layerbox@main=\box38
\pgf@picture@serial@count=\count114
)
("C:\Program Files (x86)\MiKTeX 2.9\tex\generic\pgf\basiclayer\pgfcoregraphicst
ate.code.tex"
File: pgfcoregraphicstate.code.tex 2014/11/02  (rcs-revision 1.12)
\pgflinewidth=\dimen158
)
("C:\Program Files (x86)\MiKTeX 2.9\tex\generic\pgf\basiclayer\pgfcoretransform
ations.code.tex"
File: pgfcoretransformations.code.tex 2015/08/07  (rcs-revision 1.20)
\pgf@pt@x=\dimen159
\pgf@pt@y=\dimen160
\pgf@pt@temp=\dimen161
)
("C:\Program Files (x86)\MiKTeX 2.9\tex\generic\pgf\basiclayer\pgfcorequick.cod
e.tex"
File: pgfcorequick.code.tex 2008/10/09  (rcs-revision 1.3)
)
("C:\Program Files (x86)\MiKTeX 2.9\tex\generic\pgf\basiclayer\pgfcoreobjects.c
ode.tex"
File: pgfcoreobjects.code.tex 2006/10/11  (rcs-revision 1.2)
)
("C:\Program Files (x86)\MiKTeX 2.9\tex\generic\pgf\basiclayer\pgfcorepathproce
ssing.code.tex"
File: pgfcorepathprocessing.code.tex 2013/09/09  (rcs-revision 1.9)
)
("C:\Program Files (x86)\MiKTeX 2.9\tex\generic\pgf\basiclayer\pgfcorearrows.co
de.tex"
File: pgfcorearrows.code.tex 2015/05/14  (rcs-revision 1.43)
\pgfarrowsep=\dimen162
)
("C:\Program Files (x86)\MiKTeX 2.9\tex\generic\pgf\basiclayer\pgfcoreshade.cod
e.tex"
File: pgfcoreshade.code.tex 2013/07/15  (rcs-revision 1.15)
\pgf@max=\dimen163
\pgf@sys@shading@range@num=\count115
)
("C:\Program Files (x86)\MiKTeX 2.9\tex\generic\pgf\basiclayer\pgfcoreimage.cod
e.tex"
File: pgfcoreimage.code.tex 2013/07/15  (rcs-revision 1.18)

("C:\Program Files (x86)\MiKTeX 2.9\tex\generic\pgf\basiclayer\pgfcoreexternal.
code.tex"
File: pgfcoreexternal.code.tex 2014/07/09  (rcs-revision 1.21)
\pgfexternal@startupbox=\box39
))
("C:\Program Files (x86)\MiKTeX 2.9\tex\generic\pgf\basiclayer\pgfcorelayers.co
de.tex"
File: pgfcorelayers.code.tex 2013/07/18  (rcs-revision 1.7)
)
("C:\Program Files (x86)\MiKTeX 2.9\tex\generic\pgf\basiclayer\pgfcoretranspare
ncy.code.tex"
File: pgfcoretransparency.code.tex 2013/09/30  (rcs-revision 1.5)
)
("C:\Program Files (x86)\MiKTeX 2.9\tex\generic\pgf\basiclayer\pgfcorepatterns.
code.tex"
File: pgfcorepatterns.code.tex 2013/11/07  (rcs-revision 1.5)
)))
("C:\Program Files (x86)\MiKTeX 2.9\tex\latex\pgf\utilities\xxcolor.sty"
Package: xxcolor 2003/10/24 ver 0.1
\XC@nummixins=\count116
\XC@countmixins=\count117
)
("C:\Program Files (x86)\MiKTeX 2.9\tex\generic\oberdiek\atbegshi.sty"
Package: atbegshi 2011/10/05 v1.16 At begin shipout hook (HO)
)
("C:\Program Files (x86)\MiKTeX 2.9\tex\latex\hyperref\hyperref.sty"
Package: hyperref 2012/11/06 v6.83m Hypertext links for LaTeX

("C:\Program Files (x86)\MiKTeX 2.9\tex\generic\oberdiek\hobsub-hyperref.sty"
Package: hobsub-hyperref 2012/04/25 v1.12 Bundle oberdiek, subset hyperref (HO)


("C:\Program Files (x86)\MiKTeX 2.9\tex\generic\oberdiek\hobsub-generic.sty"
Package: hobsub-generic 2012/04/25 v1.12 Bundle oberdiek, subset generic (HO)
Package: hobsub 2012/04/25 v1.12 Construct package bundles (HO)
Package hobsub Info: Skipping package `infwarerr' (already loaded).
Package hobsub Info: Skipping package `ltxcmds' (already loaded).
Package: ifluatex 2010/03/01 v1.3 Provides the ifluatex switch (HO)
Package ifluatex Info: LuaTeX not detected.
Package hobsub Info: Skipping package `ifvtex' (already loaded).
Package: intcalc 2007/09/27 v1.1 Expandable calculations with integers (HO)
Package hobsub Info: Skipping package `ifpdf' (already loaded).
Package: etexcmds 2011/02/16 v1.5 Avoid name clashes with e-TeX commands (HO)
Package etexcmds Info: Could not find \expanded.
(etexcmds)             That can mean that you are not using pdfTeX 1.50 or
(etexcmds)             that some package has redefined \expanded.
(etexcmds)             In the latter case, load this package earlier.
Package: kvsetkeys 2012/04/25 v1.16 Key value parser (HO)
Package: kvdefinekeys 2011/04/07 v1.3 Define keys (HO)
Package: pdftexcmds 2011/11/29 v0.20 Utility functions of pdfTeX for LuaTeX (HO
)
Package pdftexcmds Info: LuaTeX not detected.
Package pdftexcmds Info: \pdf@primitive is available.
Package pdftexcmds Info: \pdf@ifprimitive is available.
Package pdftexcmds Info: \pdfdraftmode found.
Package: pdfescape 2011/11/25 v1.13 Implements pdfTeX's escape features (HO)
Package: bigintcalc 2012/04/08 v1.3 Expandable calculations on big integers (HO
)
Package: bitset 2011/01/30 v1.1 Handle bit-vector datatype (HO)
Package: uniquecounter 2011/01/30 v1.2 Provide unlimited unique counter (HO)
)
Package hobsub Info: Skipping package `hobsub' (already loaded).
Package: letltxmacro 2010/09/02 v1.4 Let assignment for LaTeX macros (HO)
Package: hopatch 2011/06/24 v1.1 Wrapper for package hooks (HO)
Package: xcolor-patch 2011/01/30 xcolor patch
Package: atveryend 2011/06/30 v1.8 Hooks at the very end of document (HO)
Package atveryend Info: \enddocument detected (standard20110627).
Package hobsub Info: Skipping package `atbegshi' (already loaded).
Package: refcount 2011/10/16 v3.4 Data extraction from label references (HO)
Package: hycolor 2011/01/30 v1.7 Color options for hyperref/bookmark (HO)
)
("C:\Program Files (x86)\MiKTeX 2.9\tex\latex\oberdiek\auxhook.sty"
Package: auxhook 2011/03/04 v1.3 Hooks for auxiliary files (HO)
)
("C:\Program Files (x86)\MiKTeX 2.9\tex\latex\oberdiek\kvoptions.sty"
Package: kvoptions 2011/06/30 v3.11 Key value format for package options (HO)
)
\@linkdim=\dimen164
\Hy@linkcounter=\count118
\Hy@pagecounter=\count119

("C:\Program Files (x86)\MiKTeX 2.9\tex\latex\hyperref\pd1enc.def"
File: pd1enc.def 2012/11/06 v6.83m Hyperref: PDFDocEncoding definition (HO)
)
\Hy@SavedSpaceFactor=\count120

("C:\Program Files (x86)\MiKTeX 2.9\tex\latex\00miktex\hyperref.cfg"
File: hyperref.cfg 2002/06/06 v1.2 hyperref configuration of TeXLive
)
Package hyperref Info: Option `bookmarks' set `true' on input line 4319.
Package hyperref Info: Option `bookmarksopen' set `true' on input line 4319.
Package hyperref Info: Option `pdfpagelabels' set `false' on input line 4319.
Package hyperref Info: Option `implicit' set `false' on input line 4319.
Package hyperref Info: Hyper figures OFF on input line 4443.
Package hyperref Info: Link nesting OFF on input line 4448.
Package hyperref Info: Hyper index ON on input line 4451.
Package hyperref Info: Plain pages OFF on input line 4458.
Package hyperref Info: Backreferencing OFF on input line 4463.
Package hyperref Info: Implicit mode OFF; no redefinition of LaTeX internals.
Package hyperref Info: Bookmarks ON on input line 4688.
\c@Hy@tempcnt=\count121

("C:\Program Files (x86)\MiKTeX 2.9\tex\latex\url\url.sty"
\Urlmuskip=\muskip10
Package: url 2013/09/16  ver 3.4  Verb mode for urls, etc.
)
LaTeX Info: Redefining \url on input line 5041.
\XeTeXLinkMargin=\dimen165
\Fld@menulength=\count122
\Field@Width=\dimen166
\Fld@charsize=\dimen167
Package hyperref Info: Hyper figures OFF on input line 6295.
Package hyperref Info: Link nesting OFF on input line 6300.
Package hyperref Info: Hyper index ON on input line 6303.
Package hyperref Info: backreferencing OFF on input line 6310.
Package hyperref Info: Link coloring OFF on input line 6315.
Package hyperref Info: Link coloring with OCG OFF on input line 6320.
Package hyperref Info: PDF/A mode OFF on input line 6325.
LaTeX Info: Redefining \ref on input line 6365.
LaTeX Info: Redefining \pageref on input line 6369.


Package hyperref Message: Stopped early.

)

Package hyperref Message: Driver (autodetected): hpdftex.

("C:\Program Files (x86)\MiKTeX 2.9\tex\latex\hyperref\hpdftex.def"
File: hpdftex.def 2012/11/06 v6.83m Hyperref driver for pdfTeX
\Fld@listcount=\count123
\c@bookmark@seq@number=\count124

("C:\Program Files (x86)\MiKTeX 2.9\tex\latex\oberdiek\rerunfilecheck.sty"
Package: rerunfilecheck 2011/04/15 v1.7 Rerun checks for auxiliary files (HO)
Package uniquecounter Info: New unique counter `rerunfilecheck' on input line 2
82.
))
("C:\Program Files (x86)\MiKTeX 2.9\tex\latex\beamer\base\beamerbaserequires.st
y"
Package: beamerbaserequires 2010/05/01  (rcs-revision efa082c6111d)

("C:\Program Files (x86)\MiKTeX 2.9\tex\latex\beamer\base\beamerbasecompatibili
ty.sty"
Package: beamerbasecompatibility 2012/05/01  (rcs-revision 67c48b3b652d)
)
("C:\Program Files (x86)\MiKTeX 2.9\tex\latex\beamer\base\beamerbasefont.sty"
Package: beamerbasefont 2015/01/05  (rcs-revision b4b4bee242e2)

("C:\Program Files (x86)\MiKTeX 2.9\tex\latex\amsfonts\amssymb.sty"
Package: amssymb 2013/01/14 v3.01 AMS font symbols

("C:\Program Files (x86)\MiKTeX 2.9\tex\latex\amsfonts\amsfonts.sty"
Package: amsfonts 2013/01/14 v3.01 Basic AMSFonts support
\@emptytoks=\toks26
\symAMSa=\mathgroup4
\symAMSb=\mathgroup5
LaTeX Font Info:    Overwriting math alphabet `\mathfrak' in version `bold'
(Font)                  U/euf/m/n --> U/euf/b/n on input line 106.
))
("C:\Program Files (x86)\MiKTeX 2.9\tex\latex\sansmathaccent\sansmathaccent.sty
"
Package: sansmathaccent 2013/03/28
 ("C:\Program Files (x86)\MiKTeX 2.9\tex\latex\filehook\filehook.sty"
Package: filehook 2011/10/12 v0.5d Hooks for input files
)))
("C:\Program Files (x86)\MiKTeX 2.9\tex\latex\beamer\base\beamerbasetranslator.
sty"
Package: beamerbasetranslator 2010/06/11  (rcs-revision 85fd1cc7fc42)

("C:\Program Files (x86)\MiKTeX 2.9\tex\latex\beamer\base\translator\translator
.sty"
Package: translator 2010/06/12 ver 1.10

("C:\Program Files (x86)\MiKTeX 2.9\tex\latex\beamer\base\translator\translator
-language-mappings.tex")))
("C:\Program Files (x86)\MiKTeX 2.9\tex\latex\beamer\base\beamerbasemisc.sty"
Package: beamerbasemisc 2013/09/03  (rcs-revision a55719c41d85)
)
("C:\Program Files (x86)\MiKTeX 2.9\tex\latex\beamer\base\beamerbasetwoscreens.
sty"
Package: beamerbasetwoscreens 2010/05/01  (rcs-revision efa082c6111d)
)
("C:\Program Files (x86)\MiKTeX 2.9\tex\latex\beamer\base\beamerbaseoverlay.sty
"
Package: beamerbaseoverlay 2013/12/25  (rcs-revision f6bd5e3805da)
\beamer@argscount=\count125
\beamer@lastskipcover=\skip44
\beamer@trivlistdepth=\count126
) ("C:\Program Files (x86)\MiKTeX 2.9\tex\latex\beamer\base\beamerbasetitle.sty
"
Package: beamerbasetitle 2010/09/21  (rcs-revision f0446ed0b6ae)
)
("C:\Program Files (x86)\MiKTeX 2.9\tex\latex\beamer\base\beamerbasesection.sty
"
Package: beamerbasesection 2013/06/07  (rcs-revision 60b9fe0f342f)
\c@lecture=\count127
\c@part=\count128
\c@section=\count129
\c@subsection=\count130
\c@subsubsection=\count131
) ("C:\Program Files (x86)\MiKTeX 2.9\tex\latex\beamer\base\beamerbaseframe.sty
"
Package: beamerbaseframe 2014/02/20  (rcs-revision 4b8ceeeff434)
\beamer@framebox=\box40
\beamer@frametitlebox=\box41
\beamer@zoombox=\box42
\beamer@zoomcount=\count132
\beamer@zoomframecount=\count133
\beamer@frametextheight=\dimen168
\c@subsectionslide=\count134
\beamer@frametopskip=\skip45
\beamer@framebottomskip=\skip46
\beamer@frametopskipautobreak=\skip47
\beamer@framebottomskipautobreak=\skip48
\beamer@envbody=\toks27
\framewidth=\dimen169
\c@framenumber=\count135
)
("C:\Program Files (x86)\MiKTeX 2.9\tex\latex\beamer\base\beamerbaseverbatim.st
y"
Package: beamerbaseverbatim 2015/01/05  (rcs-revision 431510bb5890)
\beamer@verbatimfileout=\write4
)
("C:\Program Files (x86)\MiKTeX 2.9\tex\latex\beamer\base\beamerbaseframesize.s
ty"
Package: beamerbaseframesize 2011/09/12  (rcs-revision 70f9d8411e54)
\beamer@splitbox=\box43
\beamer@autobreakcount=\count136
\beamer@autobreaklastheight=\dimen170
\beamer@frametitletoks=\toks28
\beamer@framesubtitletoks=\toks29
)
("C:\Program Files (x86)\MiKTeX 2.9\tex\latex\beamer\base\beamerbaseframecompon
ents.sty"
Package: beamerbaseframecomponents 2013/10/18  (rcs-revision 5cf6c5555a45)
\beamer@footins=\box44
)
("C:\Program Files (x86)\MiKTeX 2.9\tex\latex\beamer\base\beamerbasecolor.sty"
Package: beamerbasecolor 2015/02/21  (rcs-revision d944b04ee2d5)
) ("C:\Program Files (x86)\MiKTeX 2.9\tex\latex\beamer\base\beamerbasenotes.sty
"
Package: beamerbasenotes 2012/12/19  (rcs-revision 1686da3db3c9)
\beamer@frameboxcopy=\box45
) ("C:\Program Files (x86)\MiKTeX 2.9\tex\latex\beamer\base\beamerbasetoc.sty"
Package: beamerbasetoc 2015/03/08  (rcs-revision 7270298bbaae)
)
("C:\Program Files (x86)\MiKTeX 2.9\tex\latex\beamer\base\beamerbasetemplates.s
ty"
Package: beamerbasetemplates 2010/05/01  (rcs-revision efa082c6111d)
\beamer@sbttoks=\toks30

("C:\Program Files (x86)\MiKTeX 2.9\tex\latex\beamer\base\beamerbaseauxtemplate
s.sty"
Package: beamerbaseauxtemplates 2014/06/30  (rcs-revision 580088513a67)

("C:\Program Files (x86)\MiKTeX 2.9\tex\latex\beamer\base\beamerbaseboxes.sty"
Package: beamerbaseboxes 2012/05/13  (rcs-revision 56972908a390)
\bmb@box=\box46
\bmb@colorbox=\box47
\bmb@boxshadow=\box48
\bmb@boxshadowball=\box49
\bmb@boxshadowballlarge=\box50
\bmb@temp=\dimen171
\bmb@dima=\dimen172
\bmb@dimb=\dimen173
\bmb@prevheight=\dimen174
)
\beamer@blockheadheight=\dimen175
))
("C:\Program Files (x86)\MiKTeX 2.9\tex\latex\beamer\base\beamerbaselocalstruct
ure.sty"
Package: beamerbaselocalstructure 2014/09/10  (rcs-revision 393f6dcff371)
 ("C:\Program Files (x86)\MiKTeX 2.9\tex\latex\tools\enumerate.sty"
Package: enumerate 2014/10/28 v3.00 enumerate extensions (DPC)
\@enLab=\toks31
)
\c@figure=\count137
\c@table=\count138
\abovecaptionskip=\skip49
\belowcaptionskip=\skip50
)
("C:\Program Files (x86)\MiKTeX 2.9\tex\latex\beamer\base\beamerbasenavigation.
sty"
Package: beamerbasenavigation 2015/02/27  (rcs-revision 923f4bf87efa)
\beamer@section@min@dim=\dimen176
)
("C:\Program Files (x86)\MiKTeX 2.9\tex\latex\beamer\base\beamerbasetheorems.st
y"
Package: beamerbasetheorems 2010/06/06  (rcs-revision 7e7cc5e53e9d)
 ("C:\Program Files (x86)\MiKTeX 2.9\tex\latex\amsmath\amsmath.sty"
Package: amsmath 2013/01/14 v2.14 AMS math features
\@mathmargin=\skip51

For additional information on amsmath, use the `?' option.
("C:\Program Files (x86)\MiKTeX 2.9\tex\latex\amsmath\amstext.sty"
Package: amstext 2000/06/29 v2.01

("C:\Program Files (x86)\MiKTeX 2.9\tex\latex\amsmath\amsgen.sty"
File: amsgen.sty 1999/11/30 v2.0
\@emptytoks=\toks32
\ex@=\dimen177
))
("C:\Program Files (x86)\MiKTeX 2.9\tex\latex\amsmath\amsbsy.sty"
Package: amsbsy 1999/11/29 v1.2d
\pmbraise@=\dimen178
)
("C:\Program Files (x86)\MiKTeX 2.9\tex\latex\amsmath\amsopn.sty"
Package: amsopn 1999/12/14 v2.01 operator names
)
\inf@bad=\count139
LaTeX Info: Redefining \frac on input line 210.
\uproot@=\count140
\leftroot@=\count141
LaTeX Info: Redefining \overline on input line 306.
\classnum@=\count142
\DOTSCASE@=\count143
LaTeX Info: Redefining \ldots on input line 378.
LaTeX Info: Redefining \dots on input line 381.
LaTeX Info: Redefining \cdots on input line 466.
\Mathstrutbox@=\box51
\strutbox@=\box52
\big@size=\dimen179
LaTeX Font Info:    Redeclaring font encoding OML on input line 566.
LaTeX Font Info:    Redeclaring font encoding OMS on input line 567.
\macc@depth=\count144
\c@MaxMatrixCols=\count145
\dotsspace@=\muskip11
\c@parentequation=\count146
\dspbrk@lvl=\count147
\tag@help=\toks33
\row@=\count148
\column@=\count149
\maxfields@=\count150
\andhelp@=\toks34
\eqnshift@=\dimen180
\alignsep@=\dimen181
\tagshift@=\dimen182
\tagwidth@=\dimen183
\totwidth@=\dimen184
\lineht@=\dimen185
\@envbody=\toks35
\multlinegap=\skip52
\multlinetaggap=\skip53
\mathdisplay@stack=\toks36
LaTeX Info: Redefining \[ on input line 2665.
LaTeX Info: Redefining \] on input line 2666.
)
("C:\Program Files (x86)\MiKTeX 2.9\tex\latex\amscls\amsthm.sty"
Package: amsthm 2015/03/04 v2.20.2
\thm@style=\toks37
\thm@bodyfont=\toks38
\thm@headfont=\toks39
\thm@notefont=\toks40
\thm@headpunct=\toks41
\thm@preskip=\skip54
\thm@postskip=\skip55
\thm@headsep=\skip56
\dth@everypar=\toks42
)
\c@theorem=\count151
)
("C:\Program Files (x86)\MiKTeX 2.9\tex\latex\beamer\base\beamerbasethemes.sty"
Package: beamerbasethemes 2010/05/01  (rcs-revision efa082c6111d)
))
("C:\Program Files (x86)\MiKTeX 2.9\tex\latex\beamer\base\themes\theme\beamerth
emedefault.sty"
Package: beamerthemedefault 2010/06/17  (rcs-revision d02a7cf4d8ae)

("C:\Program Files (x86)\MiKTeX 2.9\tex\latex\beamer\base\themes\font\beamerfon
tthemedefault.sty"
Package: beamerfontthemedefault 2012/12/19  (rcs-revision 1686da3db3c9)
)
("C:\Program Files (x86)\MiKTeX 2.9\tex\latex\beamer\base\themes\color\beamerco
lorthemedefault.sty"
Package: beamercolorthemedefault 2012/12/19  (rcs-revision 1686da3db3c9)
)
("C:\Program Files (x86)\MiKTeX 2.9\tex\latex\beamer\base\themes\inner\beamerin
nerthemedefault.sty"
Package: beamerinnerthemedefault 2014/06/30  (rcs-revision 580088513a67)
\beamer@dima=\dimen186
\beamer@dimb=\dimen187
)
("C:\Program Files (x86)\MiKTeX 2.9\tex\latex\beamer\base\themes\outer\beamerou
terthemedefault.sty"
Package: beamerouterthemedefault 2012/12/19  (rcs-revision 1686da3db3c9)
)))
("C:\Program Files (x86)\MiKTeX 2.9\tex\latex\ucs\ucs.sty"
Package: ucs 2013/05/11 v2.2 UCS: Unicode input support

("C:\Program Files (x86)\MiKTeX 2.9\tex\latex\ucs\uni-global.def"
File: uni-global.def 2013/05/13 UCS: Unicode global data
)
\uc@secondtry=\count152
\uc@combtoks=\toks43
\uc@combtoksb=\toks44
\uc@temptokena=\toks45
)
("C:\Program Files (x86)\MiKTeX 2.9\tex\latex\base\inputenc.sty"
Package: inputenc 2015/03/17 v1.2c Input encoding file
\inpenc@prehook=\toks46
\inpenc@posthook=\toks47

("C:\Program Files (x86)\MiKTeX 2.9\tex\latex\ucs\utf8x.def"
File: utf8x.def 2004/10/17 UCS: Input encoding UTF-8
))
("C:\Program Files (x86)\MiKTeX 2.9\tex\latex\base\fontenc.sty"
Package: fontenc 2005/09/27 v1.99g Standard LaTeX package

("C:\Program Files (x86)\MiKTeX 2.9\tex\latex\base\t1enc.def"
File: t1enc.def 2005/09/27 v1.99g Standard LaTeX file
LaTeX Font Info:    Redeclaring font encoding T1 on input line 48.
))
("C:\Program Files (x86)\MiKTeX 2.9\tex\generic\babel\babel.sty"
Package: babel 2015/08/03 3.9m The Babel package

*************************************
* Local config file bblopts.cfg used
*
("C:\Program Files (x86)\MiKTeX 2.9\tex\latex\00miktex\bblopts.cfg"
File: bblopts.cfg 2006/07/31 v1.0 MiKTeX 'babel' configuration
)
("C:\Program Files (x86)\MiKTeX 2.9\tex\latex\babel-german\ngerman.ldf"
Language: ngerman 2013/12/13 v2.7 German support for babel (new orthography)

("C:\Program Files (x86)\MiKTeX 2.9\tex\latex\babel-german\ngermanb.ldf"
Language: ngermanb 2013/12/13 v2.7 German support for babel (new orthography)

("C:\Program Files (x86)\MiKTeX 2.9\tex\generic\babel\babel.def"
File: babel.def 2015/08/03 3.9m Babel common definitions
\babel@savecnt=\count153
\U@D=\dimen188
LaTeX Info: Redefining \textlatin on input line 1431.
)
\l@naustrian = a dialect from \language\l@ngerman 
\l@nswissgerman = a dialect from \language\l@ngerman 
Package babel Info: Making " an active character on input line 88.
)))
("C:\Program Files (x86)\MiKTeX 2.9\tex\latex\etoolbox\etoolbox.sty"
Package: etoolbox 2015/08/02 v2.2a e-TeX tools for LaTeX (JAW)
\etb@tempcnta=\count154
)
("C:\Program Files (x86)\MiKTeX 2.9\tex\latex\caption\caption.sty"
Package: caption 2016/02/21 v3.3-144 Customizing captions (AR)

("C:\Program Files (x86)\MiKTeX 2.9\tex\latex\caption\caption3.sty"
Package: caption3 2016/05/22 v1.7-166 caption3 kernel (AR)
Package caption3 Info: TeX engine: e-TeX on input line 67.
\captionmargin=\dimen189
\captionmargin@=\dimen190
\captionwidth=\dimen191
\caption@tempdima=\dimen192
\caption@indent=\dimen193
\caption@parindent=\dimen194
\caption@hangindent=\dimen195
)
\c@ContinuedFloat=\count155
Package caption Info: beamer document class.
Package caption Info: hyperref package is loaded.
Package caption Info: Hyperref support is turned off
(caption)             because hyperref has stopped early.
)
("C:\Program Files (x86)\MiKTeX 2.9\tex\latex\caption\subcaption.sty"
Package: subcaption 2016/05/22 v1.1-161 Sub-captions (AR)
\c@subfigure=\count156
\c@subtable=\count157
)
("C:\Program Files (x86)\MiKTeX 2.9\tex\latex\pgfplots\pgfplots.sty"
("C:\Program Files (x86)\MiKTeX 2.9\tex\generic\pgfplots\pgfplots.revision.tex"
)
Package: pgfplots 2016/08/10 v1.14 Data Visualization (1.14)
 ("C:\Program Files (x86)\MiKTeX 2.9\tex\latex\pgf\frontendlayer\tikz.sty"
("C:\Program Files (x86)\MiKTeX 2.9\tex\latex\pgf\basiclayer\pgf.sty"
Package: pgf 2015/08/07 v3.0.1a (rcs-revision 1.15)

("C:\Program Files (x86)\MiKTeX 2.9\tex\generic\pgf\modules\pgfmoduleshapes.cod
e.tex"
File: pgfmoduleshapes.code.tex 2014/03/21  (rcs-revision 1.35)
\pgfnodeparttextbox=\box53
)
("C:\Program Files (x86)\MiKTeX 2.9\tex\generic\pgf\modules\pgfmoduleplot.code.
tex"
File: pgfmoduleplot.code.tex 2015/08/03  (rcs-revision 1.13)
)
("C:\Program Files (x86)\MiKTeX 2.9\tex\latex\pgf\compatibility\pgfcomp-version
-0-65.sty"
Package: pgfcomp-version-0-65 2007/07/03 v3.0.1a (rcs-revision 1.7)
\pgf@nodesepstart=\dimen196
\pgf@nodesepend=\dimen197
)
("C:\Program Files (x86)\MiKTeX 2.9\tex\latex\pgf\compatibility\pgfcomp-version
-1-18.sty"
Package: pgfcomp-version-1-18 2007/07/23 v3.0.1a (rcs-revision 1.1)
))
("C:\Program Files (x86)\MiKTeX 2.9\tex\latex\pgf\utilities\pgffor.sty"
("C:\Program Files (x86)\MiKTeX 2.9\tex\latex\pgf\utilities\pgfkeys.sty"
("C:\Program Files (x86)\MiKTeX 2.9\tex\generic\pgf\utilities\pgfkeys.code.tex"
)) ("C:\Program Files (x86)\MiKTeX 2.9\tex\latex\pgf\math\pgfmath.sty"
("C:\Program Files (x86)\MiKTeX 2.9\tex\generic\pgf\math\pgfmath.code.tex"))
("C:\Program Files (x86)\MiKTeX 2.9\tex\generic\pgf\utilities\pgffor.code.tex"
Package: pgffor 2013/12/13 v3.0.1a (rcs-revision 1.25)

("C:\Program Files (x86)\MiKTeX 2.9\tex\generic\pgf\math\pgfmath.code.tex")
\pgffor@iter=\dimen198
\pgffor@skip=\dimen199
\pgffor@stack=\toks48
\pgffor@toks=\toks49
))
("C:\Program Files (x86)\MiKTeX 2.9\tex\generic\pgf\frontendlayer\tikz\tikz.cod
e.tex"
Package: tikz 2015/08/07 v3.0.1a (rcs-revision 1.151)

("C:\Program Files (x86)\MiKTeX 2.9\tex\generic\pgf\libraries\pgflibraryplothan
dlers.code.tex"
File: pgflibraryplothandlers.code.tex 2013/08/31 v3.0.1a (rcs-revision 1.20)
\pgf@plot@mark@count=\count158
\pgfplotmarksize=\dimen200
)
\tikz@lastx=\dimen201
\tikz@lasty=\dimen202
\tikz@lastxsaved=\dimen203
\tikz@lastysaved=\dimen204
\tikzleveldistance=\dimen205
\tikzsiblingdistance=\dimen206
\tikz@figbox=\box54
\tikz@figbox@bg=\box55
\tikz@tempbox=\box56
\tikz@tempbox@bg=\box57
\tikztreelevel=\count159
\tikznumberofchildren=\count160
\tikznumberofcurrentchild=\count161
\tikz@fig@count=\count162

("C:\Program Files (x86)\MiKTeX 2.9\tex\generic\pgf\modules\pgfmodulematrix.cod
e.tex"
File: pgfmodulematrix.code.tex 2013/09/17  (rcs-revision 1.8)
\pgfmatrixcurrentrow=\count163
\pgfmatrixcurrentcolumn=\count164
\pgf@matrix@numberofcolumns=\count165
)
\tikz@expandcount=\count166

("C:\Program Files (x86)\MiKTeX 2.9\tex\generic\pgf\frontendlayer\tikz\librarie
s\tikzlibrarytopaths.code.tex"
File: tikzlibrarytopaths.code.tex 2008/06/17 v3.0.1a (rcs-revision 1.2)
)))
("C:\Program Files (x86)\MiKTeX 2.9\tex\generic\pgfplots\pgfplots.code.tex"
("C:\Program Files (x86)\MiKTeX 2.9\tex\generic\pgfplots\pgfplotscore.code.tex"
\t@pgfplots@toka=\toks50
\t@pgfplots@tokb=\toks51
\t@pgfplots@tokc=\toks52
\pgfplots@tmpa=\dimen207
\c@pgfplots@coordindex=\count167
\c@pgfplots@scanlineindex=\count168

("C:\Program Files (x86)\MiKTeX 2.9\tex\generic\pgfplots\sys\pgfplotssysgeneric
.code.tex"))
("C:\Program Files (x86)\MiKTeX 2.9\tex\generic\pgfplots\libs\pgfplotslibrary.c
ode.tex")
("C:\Program Files (x86)\MiKTeX 2.9\tex\generic\pgfplots\oldpgfcompatib\pgfplot
soldpgfsupp_loader.code.tex"
("C:\Program Files (x86)\MiKTeX 2.9\tex\generic\pgf\libraries\pgflibraryfpu.cod
e.tex")
Package pgfplots: loading complementary arithmetics for your pgf version...

("C:\Program Files (x86)\MiKTeX 2.9\tex\generic\pgfplots\oldpgfcompatib\pgfplot
soldpgfsupp_pgflibraryfpu.code.tex")
("C:\Program Files (x86)\MiKTeX 2.9\tex\generic\pgfplots\oldpgfcompatib\pgfplot
soldpgfsupp_pgfmathfloat.code.tex"
\c@pgfmathroundto@lastzeros=\count169
))
("C:\Program Files (x86)\MiKTeX 2.9\tex\generic\pgfplots\util\pgfplotsutil.code
.tex"
("C:\Program Files (x86)\MiKTeX 2.9\tex\generic\pgfplots\liststructure\pgfplots
liststructure.code.tex")
("C:\Program Files (x86)\MiKTeX 2.9\tex\generic\pgfplots\liststructure\pgfplots
liststructureext.code.tex")
("C:\Program Files (x86)\MiKTeX 2.9\tex\generic\pgfplots\liststructure\pgfplots
array.code.tex"
\c@pgfplotsarray@tmp=\count170
)
("C:\Program Files (x86)\MiKTeX 2.9\tex\generic\pgfplots\liststructure\pgfplots
matrix.code.tex")
("C:\Program Files (x86)\MiKTeX 2.9\tex\generic\pgfplots\numtable\pgfplotstable
shared.code.tex"
\c@pgfplotstable@counta=\count171
\t@pgfplotstable@a=\toks53
)
("C:\Program Files (x86)\MiKTeX 2.9\tex\generic\pgfplots\liststructure\pgfplots
deque.code.tex")
("C:\Program Files (x86)\MiKTeX 2.9\tex\generic\pgfplots\util\pgfplotsbinary.co
de.tex"
("C:\Program Files (x86)\MiKTeX 2.9\tex\generic\pgfplots\util\pgfplotsbinary.da
ta.code.tex"))
("C:\Program Files (x86)\MiKTeX 2.9\tex\generic\pgfplots\util\pgfplotsutil.verb
.code.tex")
("C:\Program Files (x86)\MiKTeX 2.9\tex\generic\pgfplots\libs\pgflibrarypgfplot
s.surfshading.code.tex"
\c@pgfplotslibrarysurf@no=\count172

("C:\Program Files (x86)\MiKTeX 2.9\tex\generic\pgfplots\sys\pgflibrarypgfplots
.surfshading.pgfsys-pdftex.def")))
("C:\Program Files (x86)\MiKTeX 2.9\tex\generic\pgfplots\util\pgfplotscolormap.
code.tex"
("C:\Program Files (x86)\MiKTeX 2.9\tex\generic\pgfplots\util\pgfplotscolor.cod
e.tex"))
("C:\Program Files (x86)\MiKTeX 2.9\tex\generic\pgfplots\pgfplotsstackedplots.c
ode.tex")
("C:\Program Files (x86)\MiKTeX 2.9\tex\generic\pgfplots\pgfplotsplothandlers.c
ode.tex"
("C:\Program Files (x86)\MiKTeX 2.9\tex\generic\pgfplots\pgfplotsmeshplothandle
r.code.tex"
("C:\Program Files (x86)\MiKTeX 2.9\tex\generic\pgfplots\pgfplotsmeshplotimage.
code.tex")))
("C:\Program Files (x86)\MiKTeX 2.9\tex\generic\pgfplots\pgfplots.scaling.code.
tex")
("C:\Program Files (x86)\MiKTeX 2.9\tex\generic\pgfplots\pgfplotscoordprocessin
g.code.tex")
("C:\Program Files (x86)\MiKTeX 2.9\tex\generic\pgfplots\pgfplots.errorbars.cod
e.tex")
("C:\Program Files (x86)\MiKTeX 2.9\tex\generic\pgfplots\pgfplots.markers.code.
tex")
("C:\Program Files (x86)\MiKTeX 2.9\tex\generic\pgfplots\pgfplotsticks.code.tex
")
("C:\Program Files (x86)\MiKTeX 2.9\tex\generic\pgfplots\pgfplots.paths.code.te
x")
("C:\Program Files (x86)\MiKTeX 2.9\tex\generic\pgf\frontendlayer\tikz\librarie
s\tikzlibrarydecorations.code.tex"
("C:\Program Files (x86)\MiKTeX 2.9\tex\generic\pgf\modules\pgfmoduledecoration
s.code.tex"
\pgfdecoratedcompleteddistance=\dimen208
\pgfdecoratedremainingdistance=\dimen209
\pgfdecoratedinputsegmentcompleteddistance=\dimen210
\pgfdecoratedinputsegmentremainingdistance=\dimen211
\pgf@decorate@distancetomove=\dimen212
\pgf@decorate@repeatstate=\count173
\pgfdecorationsegmentamplitude=\dimen213
\pgfdecorationsegmentlength=\dimen214
)
\tikz@lib@dec@box=\box58
)
("C:\Program Files (x86)\MiKTeX 2.9\tex\generic\pgf\frontendlayer\tikz\librarie
s\tikzlibrarydecorations.pathmorphing.code.tex"
("C:\Program Files (x86)\MiKTeX 2.9\tex\generic\pgf\libraries\decorations\pgfli
brarydecorations.pathmorphing.code.tex"))
("C:\Program Files (x86)\MiKTeX 2.9\tex\generic\pgf\frontendlayer\tikz\librarie
s\tikzlibrarydecorations.pathreplacing.code.tex"
("C:\Program Files (x86)\MiKTeX 2.9\tex\generic\pgf\libraries\decorations\pgfli
brarydecorations.pathreplacing.code.tex"))
\pgfplots@numplots=\count174
\pgfplots@xmin@reg=\dimen215
\pgfplots@xmax@reg=\dimen216
\pgfplots@ymin@reg=\dimen217
\pgfplots@ymax@reg=\dimen218
\pgfplots@zmin@reg=\dimen219
\pgfplots@zmax@reg=\dimen220
)
("C:\Program Files (x86)\MiKTeX 2.9\tex\generic\pgf\frontendlayer\tikz\librarie
s\tikzlibraryplotmarks.code.tex"
File: tikzlibraryplotmarks.code.tex 2008/01/09 v3.0.1a (rcs-revision 1.1)

("C:\Program Files (x86)\MiKTeX 2.9\tex\generic\pgf\libraries\pgflibraryplotmar
ks.code.tex"
File: pgflibraryplotmarks.code.tex 2015/08/03 v3.0.1a (rcs-revision 1.14)
))) ("C:\Program Files (x86)\MiKTeX 2.9\tex\latex\lm\lmodern.sty"
Package: lmodern 2009/10/30 v1.6 Latin Modern Fonts
LaTeX Font Info:    Overwriting symbol font `operators' in version `normal'
(Font)                  OT1/cmr/m/n --> OT1/lmr/m/n on input line 22.
LaTeX Font Info:    Overwriting symbol font `letters' in version `normal'
(Font)                  OML/cmm/m/it --> OML/lmm/m/it on input line 23.
LaTeX Font Info:    Overwriting symbol font `symbols' in version `normal'
(Font)                  OMS/cmsy/m/n --> OMS/lmsy/m/n on input line 24.
LaTeX Font Info:    Overwriting symbol font `largesymbols' in version `normal'
(Font)                  OMX/cmex/m/n --> OMX/lmex/m/n on input line 25.
LaTeX Font Info:    Overwriting symbol font `operators' in version `bold'
(Font)                  OT1/cmr/bx/n --> OT1/lmr/bx/n on input line 26.
LaTeX Font Info:    Overwriting symbol font `letters' in version `bold'
(Font)                  OML/cmm/b/it --> OML/lmm/b/it on input line 27.
LaTeX Font Info:    Overwriting symbol font `symbols' in version `bold'
(Font)                  OMS/cmsy/b/n --> OMS/lmsy/b/n on input line 28.
LaTeX Font Info:    Overwriting symbol font `largesymbols' in version `bold'
(Font)                  OMX/cmex/m/n --> OMX/lmex/m/n on input line 29.
LaTeX Font Info:    Overwriting math alphabet `\mathbf' in version `normal'
(Font)                  OT1/cmr/bx/n --> OT1/lmr/bx/n on input line 31.
LaTeX Font Info:    Overwriting math alphabet `\mathsf' in version `normal'
(Font)                  OT1/cmss/m/n --> OT1/lmss/m/n on input line 32.
LaTeX Font Info:    Overwriting math alphabet `\mathit' in version `normal'
(Font)                  OT1/cmr/m/it --> OT1/lmr/m/it on input line 33.
LaTeX Font Info:    Overwriting math alphabet `\mathtt' in version `normal'
(Font)                  OT1/cmtt/m/n --> OT1/lmtt/m/n on input line 34.
LaTeX Font Info:    Overwriting math alphabet `\mathbf' in version `bold'
(Font)                  OT1/cmr/bx/n --> OT1/lmr/bx/n on input line 35.
LaTeX Font Info:    Overwriting math alphabet `\mathsf' in version `bold'
(Font)                  OT1/cmss/bx/n --> OT1/lmss/bx/n on input line 36.
LaTeX Font Info:    Overwriting math alphabet `\mathit' in version `bold'
(Font)                  OT1/cmr/bx/it --> OT1/lmr/bx/it on input line 37.
LaTeX Font Info:    Overwriting math alphabet `\mathtt' in version `bold'
(Font)                  OT1/cmtt/m/n --> OT1/lmtt/m/n on input line 38.
)
("C:\Program Files (x86)\MiKTeX 2.9\tex\latex\ucs\uni-0.def"
File: uni-0.def 2013/05/13 UCS: Unicode data U+0000..U+00FF
)

Package hyperref Warning: Token not allowed in a PDF string (PDFDocEncoding):
(hyperref)                removing `\\' on input line 23.

(Vortrag.aux

LaTeX Warning: Label `fig:Abbildungen/Grid' multiply defined.


LaTeX Warning: Label `fig:Abbildungen/Grid' multiply defined.


LaTeX Warning: Label `fig:Abbildungen/Grid' multiply defined.


LaTeX Warning: Label `fig:Abbildungen/Grid' multiply defined.


LaTeX Warning: Label `fig:Abbildungen/Grid' multiply defined.


LaTeX Warning: Label `fig:Abbildungen/Grid' multiply defined.


LaTeX Warning: Label `fig:Abbildungen/Grid' multiply defined.

)
LaTeX Font Info:    Checking defaults for OML/cmm/m/it on input line 28.
LaTeX Font Info:    ... okay on input line 28.
LaTeX Font Info:    Checking defaults for T1/cmr/m/n on input line 28.
LaTeX Font Info:    ... okay on input line 28.
LaTeX Font Info:    Checking defaults for OT1/cmr/m/n on input line 28.
LaTeX Font Info:    ... okay on input line 28.
LaTeX Font Info:    Checking defaults for OMS/cmsy/m/n on input line 28.
LaTeX Font Info:    ... okay on input line 28.
LaTeX Font Info:    Checking defaults for OMX/cmex/m/n on input line 28.
LaTeX Font Info:    ... okay on input line 28.
LaTeX Font Info:    Checking defaults for U/cmr/m/n on input line 28.
LaTeX Font Info:    ... okay on input line 28.
LaTeX Font Info:    Checking defaults for PD1/pdf/m/n on input line 28.
LaTeX Font Info:    ... okay on input line 28.
LaTeX Font Info:    Try loading font information for T1+lmss on input line 28.
 ("C:\Program Files (x86)\MiKTeX 2.9\tex\latex\lm\t1lmss.fd"
File: t1lmss.fd 2009/10/30 v1.6 Font defs for Latin Modern
)
*geometry* driver: auto-detecting
*geometry* detected driver: pdftex
*geometry* verbose mode - [ preamble ] result:
* driver: pdftex
* paper: custom
* layout: <same size as paper>
* layoutoffset:(h,v)=(0.0pt,0.0pt)
* modes: includehead includefoot 
* h-part:(L,W,R)=(28.45274pt, 307.28987pt, 28.45274pt)
* v-part:(T,H,B)=(0.0pt, 273.14662pt, 0.0pt)
* \paperwidth=364.19536pt
* \paperheight=273.14662pt
* \textwidth=307.28987pt
* \textheight=244.6939pt
* \oddsidemargin=-43.81725pt
* \evensidemargin=-43.81725pt
* \topmargin=-72.26999pt
* \headheight=14.22636pt
* \headsep=0.0pt
* \topskip=11.0pt
* \footskip=14.22636pt
* \marginparwidth=4.0pt
* \marginparsep=10.0pt
* \columnsep=10.0pt
* \skip\footins=10.0pt plus 4.0pt minus 2.0pt
* \hoffset=0.0pt
* \voffset=0.0pt
* \mag=1000
* \@twocolumnfalse
* \@twosidefalse
* \@mparswitchfalse
* \@reversemarginfalse
* (1in=72.27pt=25.4mm, 1cm=28.453pt)

("C:\Program Files (x86)\MiKTeX 2.9\tex\context\base\supp-pdf.mkii"
[Loading MPS to PDF converter (version 2006.09.02).]
\scratchcounter=\count175
\scratchdimen=\dimen221
\scratchbox=\box59
\nofMPsegments=\count176
\nofMParguments=\count177
\everyMPshowfont=\toks54
\MPscratchCnt=\count178
\MPscratchDim=\dimen222
\MPnumerator=\count179
\makeMPintoPDFobject=\count180
\everyMPtoPDFconversion=\toks55
) ABD: EveryShipout initializing macros
\AtBeginShipoutBox=\box60
Package hyperref Info: Link coloring OFF on input line 28.

("C:\Program Files (x86)\MiKTeX 2.9\tex\latex\hyperref\nameref.sty"
Package: nameref 2012/10/27 v2.43 Cross-referencing by name of section

("C:\Program Files (x86)\MiKTeX 2.9\tex\generic\oberdiek\gettitlestring.sty"
Package: gettitlestring 2010/12/03 v1.4 Cleanup title references (HO)
)
\c@section@level=\count181
)
LaTeX Info: Redefining \ref on input line 28.
LaTeX Info: Redefining \pageref on input line 28.
LaTeX Info: Redefining \nameref on input line 28.

(Vortrag.out) (Vortrag.out)
\@outlinefile=\write5
LaTeX Font Info:    Overwriting symbol font `operators' in version `normal'
(Font)                  OT1/lmr/m/n --> OT1/cmss/m/n on input line 28.
LaTeX Font Info:    Overwriting symbol font `operators' in version `bold'
(Font)                  OT1/lmr/bx/n --> OT1/cmss/bx/n on input line 28.
LaTeX Font Info:    Overwriting symbol font `operators' in version `normal'
(Font)                  OT1/cmss/m/n --> OT1/lmss/m/n on input line 28.
LaTeX Font Info:    Overwriting symbol font `operators' in version `bold'
(Font)                  OT1/cmss/bx/n --> OT1/lmss/bx/n on input line 28.
\symnumbers=\mathgroup6
\sympureletters=\mathgroup7
LaTeX Font Info:    Overwriting math alphabet `\mathrm' in version `normal'
(Font)                  OT1/lmss/m/n --> T1/lmr/m/n on input line 28.
LaTeX Font Info:    Redeclaring math alphabet \mathbf on input line 28.
LaTeX Font Info:    Overwriting math alphabet `\mathbf' in version `normal'
(Font)                  OT1/lmr/bx/n --> T1/lmss/bx/n on input line 28.
LaTeX Font Info:    Overwriting math alphabet `\mathbf' in version `bold'
(Font)                  OT1/lmr/bx/n --> T1/lmss/bx/n on input line 28.
LaTeX Font Info:    Redeclaring math alphabet \mathsf on input line 28.
LaTeX Font Info:    Overwriting math alphabet `\mathsf' in version `normal'
(Font)                  OT1/lmss/m/n --> T1/lmss/m/n on input line 28.
LaTeX Font Info:    Overwriting math alphabet `\mathsf' in version `bold'
(Font)                  OT1/lmss/bx/n --> T1/lmss/m/n on input line 28.
LaTeX Font Info:    Redeclaring math alphabet \mathit on input line 28.
LaTeX Font Info:    Overwriting math alphabet `\mathit' in version `normal'
(Font)                  OT1/lmr/m/it --> T1/lmss/m/it on input line 28.
LaTeX Font Info:    Overwriting math alphabet `\mathit' in version `bold'
(Font)                  OT1/lmr/bx/it --> T1/lmss/m/it on input line 28.
LaTeX Font Info:    Redeclaring math alphabet \mathtt on input line 28.
LaTeX Font Info:    Overwriting math alphabet `\mathtt' in version `normal'
(Font)                  OT1/lmtt/m/n --> T1/lmtt/m/n on input line 28.
LaTeX Font Info:    Overwriting math alphabet `\mathtt' in version `bold'
(Font)                  OT1/lmtt/m/n --> T1/lmtt/m/n on input line 28.
LaTeX Font Info:    Overwriting symbol font `numbers' in version `bold'
(Font)                  T1/lmss/m/n --> T1/lmss/bx/n on input line 28.
LaTeX Font Info:    Overwriting symbol font `pureletters' in version `bold'
(Font)                  T1/lmss/m/it --> T1/lmss/bx/it on input line 28.
LaTeX Font Info:    Overwriting math alphabet `\mathrm' in version `bold'
(Font)                  OT1/lmss/bx/n --> T1/lmr/bx/n on input line 28.
LaTeX Font Info:    Overwriting math alphabet `\mathbf' in version `bold'
(Font)                  T1/lmss/bx/n --> T1/lmss/bx/n on input line 28.
LaTeX Font Info:    Overwriting math alphabet `\mathsf' in version `bold'
(Font)                  T1/lmss/m/n --> T1/lmss/bx/n on input line 28.
LaTeX Font Info:    Overwriting math alphabet `\mathit' in version `bold'
(Font)                  T1/lmss/m/it --> T1/lmss/bx/it on input line 28.
LaTeX Font Info:    Overwriting math alphabet `\mathtt' in version `bold'
(Font)                  T1/lmtt/m/n --> T1/lmtt/bx/n on input line 28.

("C:\Program Files (x86)\MiKTeX 2.9\tex\latex\beamer\base\translator\dicts\tran
slator-basic-dictionary\translator-basic-dictionary-English.dict"
Dictionary: translator-basic-dictionary, Language: English 
)
("C:\Program Files (x86)\MiKTeX 2.9\tex\latex\beamer\base\translator\dicts\tran
slator-bibliography-dictionary\translator-bibliography-dictionary-English.dict"
Dictionary: translator-bibliography-dictionary, Language: English 
)
("C:\Program Files (x86)\MiKTeX 2.9\tex\latex\beamer\base\translator\dicts\tran
slator-environment-dictionary\translator-environment-dictionary-English.dict"
Dictionary: translator-environment-dictionary, Language: English 
)
("C:\Program Files (x86)\MiKTeX 2.9\tex\latex\beamer\base\translator\dicts\tran
slator-months-dictionary\translator-months-dictionary-English.dict"
Dictionary: translator-months-dictionary, Language: English 
)
("C:\Program Files (x86)\MiKTeX 2.9\tex\latex\beamer\base\translator\dicts\tran
slator-numbers-dictionary\translator-numbers-dictionary-English.dict"
Dictionary: translator-numbers-dictionary, Language: English 
)
("C:\Program Files (x86)\MiKTeX 2.9\tex\latex\beamer\base\translator\dicts\tran
slator-theorem-dictionary\translator-theorem-dictionary-English.dict"
Dictionary: translator-theorem-dictionary, Language: English 
)
LaTeX Info: Redefining \includegraphics on input line 28.

("C:\Program Files (x86)\MiKTeX 2.9\tex\latex\ucs\ucsencs.def"
File: ucsencs.def 2011/01/21 Fixes to fontencodings LGR, T3
)
Package caption Info: Begin \AtBeginDocument code.
Package caption Info: End \AtBeginDocument code.


Package pgfplots Warning: running in backwards compatibility mode (unsuitable t
ick labels; missing features). Consider writing \pgfplotsset{compat=1.14} into 
your preamble.
 on input line 28.

(Vortrag.nav) [1

{C:/Users/chris/AppData/Local/MiKTeX/2.9/pdftex/config/pdftex.map}] <Abbildunge
n/Einstieg/original_small.jpg, id=56, 592.2125pt x 291.0875pt>
File: Abbildungen/Einstieg/original_small.jpg Graphic file (type jpg)

<use Abbildungen/Einstieg/original_small.jpg>
Package pdftex.def Info: Abbildungen/Einstieg/original_small.jpg used on input 
line 41.
(pdftex.def)             Requested size: 245.83282pt x 120.83458pt.
 [2

 <./Abbildungen/Einstieg/original_small.jpg>] (Vortrag.toc) [3

]

Package hyperref Warning: Option `pdfauthor' has already been used,
(hyperref)                setting the option has no effect on input line 56.

[4

] <Abbildungen/multiprocess.pdf, id=137, 403.5075pt x 314.17375pt>
File: Abbildungen/multiprocess.pdf Graphic file (type pdf)

<use Abbildungen/multiprocess.pdf>
Package pdftex.def Info: Abbildungen/multiprocess.pdf used on input line 73.
(pdftex.def)             Requested size: 245.83282pt x 191.406pt.
 [5

 <./Abbildungen/multiprocess.pdf>]
<Abbildungen/gesamt.pdf, id=167, 648.4225pt x 186.6975pt>
File: Abbildungen/gesamt.pdf Graphic file (type pdf)

<use Abbildungen/gesamt.pdf>
Package pdftex.def Info: Abbildungen/gesamt.pdf used on input line 84.
(pdftex.def)             Requested size: 307.28987pt x 88.47711pt.
pdfTeX warning (ext4): destination with the same identifier (name{fig:Abbildung
en/Grid}) has been already used, duplicate ignored
<to be read again> 
                   \relax 
l.84 \end{frame}
                 [6

 <./Abbildungen/gesamt.pdf>]
<Abbildungen/Konzept.pdf, id=196, 293.095pt x 269.005pt>
File: Abbildungen/Konzept.pdf Graphic file (type pdf)

<use Abbildungen/Konzept.pdf>
Package pdftex.def Info: Abbildungen/Konzept.pdf used on input line 93.
(pdftex.def)             Requested size: 184.3758pt x 169.21954pt.
pdfTeX warning (ext4): destination with the same identifier (name{fig:Abbildung
en/Grid}) has been already used, duplicate ignored
<to be read again> 
                   \relax 
l.93 \end{frame}
                 [7

 <./Abbildungen/Konzept.pdf>]
<Abbildungen/Eingang1.jpg, id=226, 321.2pt x 240.9pt>
File: Abbildungen/Eingang1.jpg Graphic file (type jpg)

<use Abbildungen/Eingang1.jpg>
Package pdftex.def Info: Abbildungen/Eingang1.jpg used on input line 132.
(pdftex.def)             Requested size: 86.04298pt x 64.53291pt.

<Abbildungen/Eingang2.jpg, id=227, 321.2pt x 240.9pt>
File: Abbildungen/Eingang2.jpg Graphic file (type jpg)

<use Abbildungen/Eingang2.jpg>
Package pdftex.def Info: Abbildungen/Eingang2.jpg used on input line 132.
(pdftex.def)             Requested size: 86.04298pt x 64.53291pt.
LaTeX Font Info:    Try loading font information for OT1+lmss on input line 132
.

("C:\Program Files (x86)\MiKTeX 2.9\tex\latex\lm\ot1lmss.fd"
File: ot1lmss.fd 2009/10/30 v1.6 Font defs for Latin Modern
)
LaTeX Font Info:    Try loading font information for OML+lmm on input line 132.


("C:\Program Files (x86)\MiKTeX 2.9\tex\latex\lm\omllmm.fd"
File: omllmm.fd 2009/10/30 v1.6 Font defs for Latin Modern
)
LaTeX Font Info:    Try loading font information for OMS+lmsy on input line 132
.

("C:\Program Files (x86)\MiKTeX 2.9\tex\latex\lm\omslmsy.fd"
File: omslmsy.fd 2009/10/30 v1.6 Font defs for Latin Modern
)
LaTeX Font Info:    Try loading font information for OMX+lmex on input line 132
.

("C:\Program Files (x86)\MiKTeX 2.9\tex\latex\lm\omxlmex.fd"
File: omxlmex.fd 2009/10/30 v1.6 Font defs for Latin Modern
)
LaTeX Font Info:    External font `lmex10' loaded for size
(Font)              <10.95> on input line 132.
LaTeX Font Info:    External font `lmex10' loaded for size
(Font)              <8> on input line 132.
LaTeX Font Info:    External font `lmex10' loaded for size
(Font)              <6> on input line 132.
LaTeX Font Info:    Try loading font information for U+msa on input line 132.

("C:\Program Files (x86)\MiKTeX 2.9\tex\latex\amsfonts\umsa.fd"
File: umsa.fd 2013/01/14 v3.01 AMS symbols A
)
LaTeX Font Info:    Try loading font information for U+msb on input line 132.

("C:\Program Files (x86)\MiKTeX 2.9\tex\latex\amsfonts\umsb.fd"
File: umsb.fd 2013/01/14 v3.01 AMS symbols B
)
LaTeX Font Info:    Font shape `T1/lmss/m/it' in size <10.95> not available
(Font)              Font shape `T1/lmss/m/sl' tried instead on input line 132.
LaTeX Font Info:    Font shape `T1/lmss/m/it' in size <8> not available
(Font)              Font shape `T1/lmss/m/sl' tried instead on input line 132.
LaTeX Font Info:    Font shape `T1/lmss/m/it' in size <6> not available
(Font)              Font shape `T1/lmss/m/sl' tried instead on input line 132.

<Abbildungen/Pfeil.pdf, id=228, 45.04408pt x 53.52959pt>
File: Abbildungen/Pfeil.pdf Graphic file (type pdf)

<use Abbildungen/Pfeil.pdf>
Package pdftex.def Info: Abbildungen/Pfeil.pdf used on input line 132.
(pdftex.def)             Requested size: 19.66705pt x 23.37175pt.

<Abbildungen/Hintergrund.jpg, id=229, 321.2pt x 240.9pt>
File: Abbildungen/Hintergrund.jpg Graphic file (type jpg)

<use Abbildungen/Hintergrund.jpg>
Package pdftex.def Info: Abbildungen/Hintergrund.jpg used on input line 132.
(pdftex.def)             Requested size: 96.79521pt x 72.59402pt.
File: Abbildungen/Hintergrund.jpg Graphic file (type jpg)
 <use Abbildungen/Hintergrund.jpg>
Package pdftex.def Info: Abbildungen/Hintergrund.jpg used on input line 132.
(pdftex.def)             Requested size: 96.79521pt x 72.59402pt.
File: Abbildungen/Hintergrund.jpg Graphic file (type jpg)

<use Abbildungen/Hintergrund.jpg>
Package pdftex.def Info: Abbildungen/Hintergrund.jpg used on input line 132.
(pdftex.def)             Requested size: 96.79521pt x 72.59402pt.
File: Abbildungen/Hintergrund.jpg Graphic file (type jpg)
 <use Abbildungen/Hintergrund.jpg>
Package pdftex.def Info: Abbildungen/Hintergrund.jpg used on input line 132.
(pdftex.def)             Requested size: 96.79521pt x 72.59402pt.
File: Abbildungen/Hintergrund.jpg Graphic file (type jpg)

<use Abbildungen/Hintergrund.jpg>
Package pdftex.def Info: Abbildungen/Hintergrund.jpg used on input line 132.
(pdftex.def)             Requested size: 96.79521pt x 72.59402pt.

Overfull \hbox (22.72038pt too wide) in paragraph at lines 132--132
 [][] 
 []

[8

 <./Abbildungen/Eingang1.jpg> <./Abbildungen/Eingang2.jpg> <./Abbildungen/Pfeil
.pdf> <./Abbildungen/Hintergrund.jpg>] [9

]
<Abbildungen/Farb_Vergleich.pdf, id=295, 217.81375pt x 92.345pt>
File: Abbildungen/Farb_Vergleich.pdf Graphic file (type pdf)

<use Abbildungen/Farb_Vergleich.pdf>
Package pdftex.def Info: Abbildungen/Farb_Vergleich.pdf used on input line 165.

(pdftex.def)             Requested size: 184.3758pt x 78.1681pt.
pdfTeX warning (ext4): destination with the same identifier (name{fig:Abbildung
en/Grid}) has been already used, duplicate ignored
<to be read again> 
                   \relax 
l.165 \end{frame}
                  [10

 <./Abbildungen/Farb_Vergleich.pdf>] [11

]
<Abbildungen/Eingang3.jpg, id=349, 321.2pt x 240.9pt>
File: Abbildungen/Eingang3.jpg Graphic file (type jpg)

<use Abbildungen/Eingang3.jpg>
Package pdftex.def Info: Abbildungen/Eingang3.jpg used on input line 205.
(pdftex.def)             Requested size: 138.2795pt x 103.70995pt.

<Abbildungen/color_decision.jpg, id=350, 224.84pt x 168.63pt>
File: Abbildungen/color_decision.jpg Graphic file (type jpg)

<use Abbildungen/color_decision.jpg>
Package pdftex.def Info: Abbildungen/color_decision.jpg used on input line 205.

(pdftex.def)             Requested size: 138.2795pt x 103.71326pt.
 [12

 <./Abbildungen/Eingang3.jpg> <./Abbildungen/color_decision.jpg>]
File: Abbildungen/Konzept.pdf Graphic file (type pdf)
 <use Abbildungen/Konzept.pdf>
Package pdftex.def Info: Abbildungen/Konzept.pdf used on input line 214.
(pdftex.def)             Requested size: 184.3758pt x 169.21954pt.
pdfTeX warning (ext4): destination with the same identifier (name{fig:Abbildung
en/Grid}) has been already used, duplicate ignored
<to be read again> 
                   \relax 
l.214 \end{frame}
                  [13

]
<Abbildungen/Grid.pdf, id=402, 162.6075pt x 163.61125pt>
File: Abbildungen/Grid.pdf Graphic file (type pdf)

<use Abbildungen/Grid.pdf>
Package pdftex.def Info: Abbildungen/Grid.pdf used on input line 225.
(pdftex.def)             Requested size: 138.2795pt x 139.14261pt.
pdfTeX warning (ext4): destination with the same identifier (name{fig:Abbildung
en/Grid}) has been already used, duplicate ignored
<to be read again> 
                   \relax 
l.225 \end{frame}
                  [14

 <./Abbildungen/Grid.pdf>]
File: Abbildungen/Farb_Vergleich.pdf Graphic file (type pdf)

<use Abbildungen/Farb_Vergleich.pdf>
Package pdftex.def Info: Abbildungen/Farb_Vergleich.pdf used on input line 240.

(pdftex.def)             Requested size: 184.3758pt x 78.1681pt.
pdfTeX warning (ext4): destination with the same identifier (name{fig:Abbildung
en/Grid}) has been already used, duplicate ignored
<to be read again> 
                   \relax 
l.240 \end{frame}
                  [15

] [16

] [17

]
File: Abbildungen/Eingang3.jpg Graphic file (type jpg)
 <use Abbildungen/Eingang3.jpg>
Package pdftex.def Info: Abbildungen/Eingang3.jpg used on input line 295.
(pdftex.def)             Requested size: 138.2795pt x 103.70995pt.

<Abbildungen/lbsp_decision.jpg, id=507, 224.84pt x 168.63pt>
File: Abbildungen/lbsp_decision.jpg Graphic file (type jpg)

<use Abbildungen/lbsp_decision.jpg>
Package pdftex.def Info: Abbildungen/lbsp_decision.jpg used on input line 295.
(pdftex.def)             Requested size: 138.2795pt x 103.71326pt.
 [18

 <./Abbildungen/lbsp_decision.jpg>]
File: Abbildungen/gesamt.pdf Graphic file (type pdf)

<use Abbildungen/gesamt.pdf>
Package pdftex.def Info: Abbildungen/gesamt.pdf used on input line 309.
(pdftex.def)             Requested size: 307.28987pt x 88.47711pt.
pdfTeX warning (ext4): destination with the same identifier (name{fig:Abbildung
en/Grid}) has been already used, duplicate ignored
<to be read again> 
                   \relax 
l.309 \end{frame}
                  [19

]
File: Abbildungen/Eingang3.jpg Graphic file (type jpg)
 <use Abbildungen/Eingang3.jpg>
Package pdftex.def Info: Abbildungen/Eingang3.jpg used on input line 329.
(pdftex.def)             Requested size: 138.2795pt x 103.70995pt.

<Abbildungen/distance.jpg, id=559, 224.84pt x 168.63pt>
File: Abbildungen/distance.jpg Graphic file (type jpg)

<use Abbildungen/distance.jpg>
Package pdftex.def Info: Abbildungen/distance.jpg used on input line 329.
(pdftex.def)             Requested size: 138.2795pt x 103.71326pt.
 [20

 <./Abbildungen/distance.jpg>]
File: Abbildungen/Eingang3.jpg Graphic file (type jpg)

<use Abbildungen/Eingang3.jpg>
Package pdftex.def Info: Abbildungen/Eingang3.jpg used on input line 354.
(pdftex.def)             Requested size: 138.2795pt x 103.70995pt.

<Abbildungen/blinking_pixels1.jpg, id=585, 224.84pt x 168.63pt>
File: Abbildungen/blinking_pixels1.jpg Graphic file (type jpg)

<use Abbildungen/blinking_pixels1.jpg>
Package pdftex.def Info: Abbildungen/blinking_pixels1.jpg used on input line 35
4.
(pdftex.def)             Requested size: 138.2795pt x 103.71326pt.
 [21

 <./Abbildungen/blinking_pixels1.jpg>]
File: Abbildungen/Eingang3.jpg Graphic file (type jpg)
 <use Abbildungen/Eingang3.jpg>
Package pdftex.def Info: Abbildungen/Eingang3.jpg used on input line 379.
(pdftex.def)             Requested size: 138.2795pt x 103.70995pt.

<Abbildungen/threshold.jpg, id=611, 224.84pt x 168.63pt>
File: Abbildungen/threshold.jpg Graphic file (type jpg)

<use Abbildungen/threshold.jpg>
Package pdftex.def Info: Abbildungen/threshold.jpg used on input line 379.
(pdftex.def)             Requested size: 138.2795pt x 103.71326pt.
 [22

 <./Abbildungen/threshold.jpg>]
File: Abbildungen/Eingang3.jpg Graphic file (type jpg)

<use Abbildungen/Eingang3.jpg>
Package pdftex.def Info: Abbildungen/Eingang3.jpg used on input line 394.
(pdftex.def)             Requested size: 138.2795pt x 103.70995pt.

<Abbildungen/update_array.jpg, id=639, 224.84pt x 168.63pt>
File: Abbildungen/update_array.jpg Graphic file (type jpg)

<use Abbildungen/update_array.jpg>
Package pdftex.def Info: Abbildungen/update_array.jpg used on input line 394.
(pdftex.def)             Requested size: 138.2795pt x 103.71326pt.
 [23

 <./Abbildungen/update_array.jpg>]
File: Abbildungen/Eingang3.jpg Graphic file (type jpg)

<use Abbildungen/Eingang3.jpg>
Package pdftex.def Info: Abbildungen/Eingang3.jpg used on input line 421.
(pdftex.def)             Requested size: 138.2795pt x 103.70995pt.

<Abbildungen/R.jpg, id=665, 224.84pt x 168.63pt>
File: Abbildungen/R.jpg Graphic file (type jpg)
 <use Abbildungen/R.jpg>
Package pdftex.def Info: Abbildungen/R.jpg used on input line 421.
(pdftex.def)             Requested size: 138.2795pt x 103.71326pt.

[24

 <./Abbildungen/R.jpg>]
File: Abbildungen/Eingang3.jpg Graphic file (type jpg)
 <use Abbildungen/Eingang3.jpg>
Package pdftex.def Info: Abbildungen/Eingang3.jpg used on input line 439.
(pdftex.def)             Requested size: 138.2795pt x 103.70995pt.

<Abbildungen/R_color.jpg, id=691, 224.84pt x 168.63pt>
File: Abbildungen/R_color.jpg Graphic file (type jpg)

<use Abbildungen/R_color.jpg>
Package pdftex.def Info: Abbildungen/R_color.jpg used on input line 439.
(pdftex.def)             Requested size: 138.2795pt x 103.71326pt.
 [25

 <./Abbildungen/R_color.jpg>]
File: Abbildungen/Eingang3.jpg Graphic file (type jpg)

<use Abbildungen/Eingang3.jpg>
Package pdftex.def Info: Abbildungen/Eingang3.jpg used on input line 458.
(pdftex.def)             Requested size: 138.2795pt x 103.70995pt.

<Abbildungen/R_lbsp.jpg, id=718, 224.84pt x 168.63pt>
File: Abbildungen/R_lbsp.jpg Graphic file (type jpg)

<use Abbildungen/R_lbsp.jpg>
Package pdftex.def Info: Abbildungen/R_lbsp.jpg used on input line 458.
(pdftex.def)             Requested size: 138.2795pt x 103.71326pt.
 [26

 <./Abbildungen/R_lbsp.jpg>]
File: Abbildungen/Eingang3.jpg Graphic file (type jpg)

<use Abbildungen/Eingang3.jpg>
Package pdftex.def Info: Abbildungen/Eingang3.jpg used on input line 474.
(pdftex.def)             Requested size: 138.2795pt x 103.70995pt.

<Abbildungen/Segmentierung.jpg, id=743, 321.2pt x 240.9pt>
File: Abbildungen/Segmentierung.jpg Graphic file (type jpg)

<use Abbildungen/Segmentierung.jpg>
Package pdftex.def Info: Abbildungen/Segmentierung.jpg used on input line 474.
(pdftex.def)             Requested size: 138.2795pt x 103.70995pt.
 [27

 <./Abbildungen/Segmentierung.jpg>]

Package hyperref Warning: Option `pdfauthor' has already been used,
(hyperref)                setting the option has no effect on input line 478.

[28

] <./Bilder/PDF/PBAS_Blockdiagramm.pdf, id=794, 934.49126pt x 377.41pt>
File: ./Bilder/PDF/PBAS_Blockdiagramm.pdf Graphic file (type pdf)

<use ./Bilder/PDF/PBAS_Blockdiagramm.pdf>
Package pdftex.def Info: ./Bilder/PDF/PBAS_Blockdiagramm.pdf used on input line
 495.
(pdftex.def)             Requested size: 307.28987pt x 124.10225pt.
 [29

 <./Bilder/PDF/PBAS_Blockdiagramm.pdf>] <./Bilder/PDF/arrays.pdf, id=823, 443.6
575pt x 344.28625pt>
File: ./Bilder/PDF/arrays.pdf Graphic file (type pdf)

<use ./Bilder/PDF/arrays.pdf>
Package pdftex.def Info: ./Bilder/PDF/arrays.pdf used on input line 502.
(pdftex.def)             Requested size: 245.83282pt x 190.76591pt.
 [30

 <./Bilder/PDF/arrays.pdf>]
<./Bilder/PDF/decision_block.pdf, id=852, 934.49126pt x 176.66pt>
File: ./Bilder/PDF/decision_block.pdf Graphic file (type pdf)

<use ./Bilder/PDF/decision_block.pdf>
Package pdftex.def Info: ./Bilder/PDF/decision_block.pdf used on input line 520
.
(pdftex.def)             Requested size: 307.28987pt x 58.09041pt.
LaTeX Font Info:    External font `lmex10' loaded for size
(Font)              <10> on input line 520.
LaTeX Font Info:    External font `lmex10' loaded for size
(Font)              <7> on input line 520.
LaTeX Font Info:    External font `lmex10' loaded for size
(Font)              <5> on input line 520.
LaTeX Font Info:    Font shape `T1/lmss/m/it' in size <10> not available
(Font)              Font shape `T1/lmss/m/sl' tried instead on input line 520.
LaTeX Font Info:    Font shape `T1/lmss/m/it' in size <7> not available
(Font)              Font shape `T1/lmss/m/sl' tried instead on input line 520.
LaTeX Font Info:    Font shape `T1/lmss/m/it' in size <5> not available
(Font)              Font shape `T1/lmss/m/sl' tried instead on input line 520.
 [31

 <./Bilder/PDF/decision_block.pdf>]
<./Bilder/decision_bilder/orig.jpg, id=882, 321.2pt x 240.9pt>
File: ./Bilder/decision_bilder/orig.jpg Graphic file (type jpg)

<use ./Bilder/decision_bilder/orig.jpg>
Package pdftex.def Info: ./Bilder/decision_bilder/orig.jpg used on input line 5
44.
(pdftex.def)             Requested size: 92.1879pt x 69.13873pt.

<./Bilder/decision_bilder/distance.jpg, id=883, 321.2pt x 240.9pt>
File: ./Bilder/decision_bilder/distance.jpg Graphic file (type jpg)

<use ./Bilder/decision_bilder/distance.jpg>
Package pdftex.def Info: ./Bilder/decision_bilder/distance.jpg used on input li
ne 544.
(pdftex.def)             Requested size: 92.1879pt x 69.13873pt.

<./Bilder/decision_bilder/foreground.jpg, id=884, 321.2pt x 240.9pt>
File: ./Bilder/decision_bilder/foreground.jpg Graphic file (type jpg)

<use ./Bilder/decision_bilder/foreground.jpg>
Package pdftex.def Info: ./Bilder/decision_bilder/foreground.jpg used on input 
line 544.
(pdftex.def)             Requested size: 92.1879pt x 69.13873pt.
 [32

 <./Bilder/decision_bilder/orig.jpg> <./Bilder/decision_bilder/distance.jpg> <.
/Bilder/decision_bilder/foreground.jpg>] <./Bilder/PDF/background_update.pdf, i
d=910, 602.25pt x 206.7725pt>
File: ./Bilder/PDF/background_update.pdf Graphic file (type pdf)

<use ./Bilder/PDF/background_update.pdf>
Package pdftex.def Info: ./Bilder/PDF/background_update.pdf used on input line 
555.
(pdftex.def)             Requested size: 307.28987pt x 105.50621pt.
 [33

 <./Bilder/PDF/background_update.pdf>] <./Bilder/backup_bilder/orig0823.jpg, id
=941, 321.2pt x 240.9pt>
File: ./Bilder/backup_bilder/orig0823.jpg Graphic file (type jpg)

<use ./Bilder/backup_bilder/orig0823.jpg>
Package pdftex.def Info: ./Bilder/backup_bilder/orig0823.jpg used on input line
 591.
(pdftex.def)             Requested size: 92.1879pt x 69.13873pt.

<./Bilder/backup_bilder/pfeil.pdf, id=942, 45.04408pt x 53.52959pt>
File: ./Bilder/backup_bilder/pfeil.pdf Graphic file (type pdf)

<use ./Bilder/backup_bilder/pfeil.pdf>
Package pdftex.def Info: ./Bilder/backup_bilder/pfeil.pdf used on input line 59
1.
(pdftex.def)             Requested size: 28.45274pt x 33.81284pt.

<./Bilder/backup_bilder/hintergrundmodell0823.jpg, id=943, 321.2pt x 240.9pt>
File: ./Bilder/backup_bilder/hintergrundmodell0823.jpg Graphic file (type jpg)

<use ./Bilder/backup_bilder/hintergrundmodell0823.jpg>
Package pdftex.def Info: ./Bilder/backup_bilder/hintergrundmodell0823.jpg used 
on input line 591.
(pdftex.def)             Requested size: 92.1879pt x 69.13873pt.

<./Bilder/backup_bilder/gradient0823.jpg, id=944, 321.2pt x 240.9pt>
File: ./Bilder/backup_bilder/gradient0823.jpg Graphic file (type jpg)

<use ./Bilder/backup_bilder/gradient0823.jpg>
Package pdftex.def Info: ./Bilder/backup_bilder/gradient0823.jpg used on input 
line 591.
(pdftex.def)             Requested size: 92.1879pt x 69.13873pt.
File: ./Bilder/backup_bilder/pfeil.pdf Graphic file (type pdf)

<use ./Bilder/backup_bilder/pfeil.pdf>
Package pdftex.def Info: ./Bilder/backup_bilder/pfeil.pdf used on input line 59
1.
(pdftex.def)             Requested size: 28.45274pt x 33.81284pt.

<./Bilder/backup_bilder/gradientenmodell0823.jpg, id=945, 321.2pt x 240.9pt>
File: ./Bilder/backup_bilder/gradientenmodell0823.jpg Graphic file (type jpg)

<use ./Bilder/backup_bilder/gradientenmodell0823.jpg>
Package pdftex.def Info: ./Bilder/backup_bilder/gradientenmodell0823.jpg used o
n input line 591.
(pdftex.def)             Requested size: 92.1879pt x 69.13873pt.
 [34

 <./Bilder/backup_bilder/orig0823.jpg> <./Bilder/backup_bilder/pfeil.pdf> <./Bi
lder/backup_bilder/hintergrundmodell0823.jpg> <./Bilder/backup_bilder/gradient0
823.jpg> <./Bilder/backup_bilder/gradientenmodell0823.jpg>]
<./Bilder/threshold_update/threshold_update.pdf, id=980, 363.3575pt x 100.375pt
>
File: ./Bilder/threshold_update/threshold_update.pdf Graphic file (type pdf)
 <use ./Bilder/threshold_update/threshold_update.pdf>
Package pdftex.def Info: ./Bilder/threshold_update/threshold_update.pdf used on
 input line 606.
(pdftex.def)             Requested size: 245.83282pt x 67.911pt.
LaTeX Font Info:    External font `lmex10' loaded for size
(Font)              <14.4> on input line 606.
LaTeX Font Info:    Font shape `T1/lmss/m/it' in size <14.4> not available
(Font)              Font shape `T1/lmss/m/sl' tried instead on input line 606.
 [35

 <./Bilder/threshold_update/threshold_update.pdf>]
<./Bilder/threshold_update/orig0850.jpg, id=1012, 321.2pt x 240.9pt>
File: ./Bilder/threshold_update/orig0850.jpg Graphic file (type jpg)

<use ./Bilder/threshold_update/orig0850.jpg>
Package pdftex.def Info: ./Bilder/threshold_update/orig0850.jpg used on input l
ine 623.
(pdftex.def)             Requested size: 122.91406pt x 92.18622pt.

<./Bilder/threshold_update/R_arr0850.jpg, id=1013, 321.2pt x 240.9pt>
File: ./Bilder/threshold_update/R_arr0850.jpg Graphic file (type jpg)

<use ./Bilder/threshold_update/R_arr0850.jpg>
Package pdftex.def Info: ./Bilder/threshold_update/R_arr0850.jpg used on input 
line 623.
(pdftex.def)             Requested size: 122.91406pt x 92.18622pt.
 [36

 <./Bilder/threshold_update/orig0850.jpg> <./Bilder/threshold_update/R_arr0850.
jpg>]
<./Bilder/update_bilder/updaterate_update.pdf, id=1039, 421.575pt x 55.20625pt>
File: ./Bilder/update_bilder/updaterate_update.pdf Graphic file (type pdf)
<use ./Bilder/update_bilder/updaterate_update.pdf>
Package pdftex.def Info: ./Bilder/update_bilder/updaterate_update.pdf used on i
nput line 637.
(pdftex.def)             Requested size: 245.83282pt x 32.19316pt.
 [37

 <./Bilder/update_bilder/updaterate_update.pdf>]
<./Bilder/update_bilder/orig1198.jpg, id=1069, 321.2pt x 240.9pt>
File: ./Bilder/update_bilder/orig1198.jpg Graphic file (type jpg)

<use ./Bilder/update_bilder/orig1198.jpg>
Package pdftex.def Info: ./Bilder/update_bilder/orig1198.jpg used on input line
 659.
(pdftex.def)             Requested size: 122.91406pt x 92.18622pt.

<./Bilder/update_bilder/updatearr1198.jpg, id=1070, 321.2pt x 240.9pt>
File: ./Bilder/update_bilder/updatearr1198.jpg Graphic file (type jpg)

<use ./Bilder/update_bilder/updatearr1198.jpg>
Package pdftex.def Info: ./Bilder/update_bilder/updatearr1198.jpg used on input
 line 659.
(pdftex.def)             Requested size: 122.91406pt x 92.18622pt.
 [38

 <./Bilder/update_bilder/orig1198.jpg> <./Bilder/update_bilder/updatearr1198.jp
g>]
<./Bilder/PDF/3channel_blockdiagramm.pdf, id=1095, 323.2075pt x 332.24126pt>
File: ./Bilder/PDF/3channel_blockdiagramm.pdf Graphic file (type pdf)

<use ./Bilder/PDF/3channel_blockdiagramm.pdf>
Package pdftex.def Info: ./Bilder/PDF/3channel_blockdiagramm.pdf used on input 
line 666.
(pdftex.def)             Requested size: 184.3758pt x 189.52649pt.
 [39

 <./Bilder/PDF/3channel_blockdiagramm.pdf>]

Package hyperref Warning: Option `pdfauthor' has already been used,
(hyperref)                setting the option has no effect on input line 673.

[40

] [41

] [42

] [43

] [44

]
File: Abbildungen/Einstieg/original_small.jpg Graphic file (type jpg)
 <use Abbildungen/Einstieg/original_small.jpg>
Package pdftex.def Info: Abbildungen/Einstieg/original_small.jpg used on input 
line 785.
(pdftex.def)             Requested size: 245.83282pt x 120.83458pt.
 [45

]
<Abbildungen/Einstieg/overlay_small.jpg, id=1274, 592.2125pt x 291.0875pt>
File: Abbildungen/Einstieg/overlay_small.jpg Graphic file (type jpg)

<use Abbildungen/Einstieg/overlay_small.jpg>
Package pdftex.def Info: Abbildungen/Einstieg/overlay_small.jpg used on input l
ine 793.
(pdftex.def)             Requested size: 245.83282pt x 120.83458pt.
 [46

 <./Abbildungen/Einstieg/overlay_small.jpg>]
<Abbildungen/Einstieg/original_small1.jpg, id=1300, 592.2125pt x 291.0875pt>
File: Abbildungen/Einstieg/original_small1.jpg Graphic file (type jpg)

<use Abbildungen/Einstieg/original_small1.jpg>
Package pdftex.def Info: Abbildungen/Einstieg/original_small1.jpg used on input
 line 801.
(pdftex.def)             Requested size: 245.83282pt x 120.83458pt.
 [47

 <./Abbildungen/Einstieg/original_small1.jpg>]
<Abbildungen/Einstieg/original_small2.jpg, id=1326, 592.2125pt x 291.0875pt>
File: Abbildungen/Einstieg/original_small2.jpg Graphic file (type jpg)

<use Abbildungen/Einstieg/original_small2.jpg>
Package pdftex.def Info: Abbildungen/Einstieg/original_small2.jpg used on input
 line 810.
(pdftex.def)             Requested size: 245.83282pt x 120.83458pt.
 [48

 <./Abbildungen/Einstieg/original_small2.jpg>]
<Abbildungen/Einstieg/original_small3.jpg, id=1352, 592.2125pt x 291.0875pt>
File: Abbildungen/Einstieg/original_small3.jpg Graphic file (type jpg)

<use Abbildungen/Einstieg/original_small3.jpg>
Package pdftex.def Info: Abbildungen/Einstieg/original_small3.jpg used on input
 line 818.
(pdftex.def)             Requested size: 245.83282pt x 120.83458pt.
 [49

 <./Abbildungen/Einstieg/original_small3.jpg>]
<Abbildungen/Einstieg/original_small4.jpg, id=1379, 592.2125pt x 291.0875pt>
File: Abbildungen/Einstieg/original_small4.jpg Graphic file (type jpg)

<use Abbildungen/Einstieg/original_small4.jpg>
Package pdftex.def Info: Abbildungen/Einstieg/original_small4.jpg used on input
 line 826.
(pdftex.def)             Requested size: 245.83282pt x 120.83458pt.
 [50

 <./Abbildungen/Einstieg/original_small4.jpg>]
<Abbildungen/Einstieg/original_small5.jpg, id=1405, 592.2125pt x 291.0875pt>
File: Abbildungen/Einstieg/original_small5.jpg Graphic file (type jpg)

<use Abbildungen/Einstieg/original_small5.jpg>
Package pdftex.def Info: Abbildungen/Einstieg/original_small5.jpg used on input
 line 834.
(pdftex.def)             Requested size: 245.83282pt x 120.83458pt.
 [51

 <./Abbildungen/Einstieg/original_small5.jpg>]
<Abbildungen/Einstieg/original_small6.jpg, id=1431, 592.2125pt x 291.0875pt>
File: Abbildungen/Einstieg/original_small6.jpg Graphic file (type jpg)

<use Abbildungen/Einstieg/original_small6.jpg>
Package pdftex.def Info: Abbildungen/Einstieg/original_small6.jpg used on input
 line 842.
(pdftex.def)             Requested size: 245.83282pt x 120.83458pt.
 [52

 <./Abbildungen/Einstieg/original_small6.jpg>]
<Abbildungen/Einstieg/original_small7.jpg, id=1457, 592.2125pt x 291.0875pt>
File: Abbildungen/Einstieg/original_small7.jpg Graphic file (type jpg)

<use Abbildungen/Einstieg/original_small7.jpg>
Package pdftex.def Info: Abbildungen/Einstieg/original_small7.jpg used on input
 line 850.
(pdftex.def)             Requested size: 245.83282pt x 120.83458pt.
 [53

 <./Abbildungen/Einstieg/original_small7.jpg>]
<Abbildungen/Einstieg/original_small9.jpg, id=1483, 592.2125pt x 291.0875pt>
File: Abbildungen/Einstieg/original_small9.jpg Graphic file (type jpg)

<use Abbildungen/Einstieg/original_small9.jpg>
Package pdftex.def Info: Abbildungen/Einstieg/original_small9.jpg used on input
 line 858.
(pdftex.def)             Requested size: 245.83282pt x 120.83458pt.
 [54

 <./Abbildungen/Einstieg/original_small9.jpg>] [55

]
LaTeX Font Info:    Try loading font information for T1+lmtt on input line 873.


("C:\Program Files (x86)\MiKTeX 2.9\tex\latex\lm\t1lmtt.fd"
File: t1lmtt.fd 2009/10/30 v1.6 Font defs for Latin Modern
) [56

]
\tf@nav=\write6
\tf@toc=\write7
\tf@snm=\write8
Package atveryend Info: Empty hook `BeforeClearDocument' on input line 875.
Package atveryend Info: Empty hook `AfterLastShipout' on input line 875.
 (Vortrag.aux)
Package atveryend Info: Empty hook `AtVeryEndDocument' on input line 875.
Package atveryend Info: Executing hook `AtEndAfterFileList' on input line 875.
Package rerunfilecheck Info: File `Vortrag.out' has not changed.
(rerunfilecheck)             Checksum: F8B6553C7DD9815A8B3A662F33F0D9F1;182.

LaTeX Warning: There were multiply-defined labels.

Package atveryend Info: Empty hook `AtVeryVeryEnd' on input line 875.
 ) 
Here is how much of TeX's memory you used:
 32879 strings out of 493673
 778817 string characters out of 3141530
 989897 words of memory out of 3000000
 35401 multiletter control sequences out of 15000+200000
 79487 words of font info for 71 fonts, out of 3000000 for 9000
 1025 hyphenation exceptions out of 8191
 64i,18n,98p,955b,2238s stack positions out of 5000i,500n,10000p,200000b,50000s
{C:/Program Files (x86)/MiKTeX 2.9/fonts/enc/dvips/lm/lm-ec.enc}{C:/Program F
iles (x86)/MiKTeX 2.9/fonts/enc/dvips/lm/lm-mathit.enc}{C:/Program Files (x86)/
MiKTeX 2.9/fonts/enc/dvips/lm/lm-rm.enc}{C:/Program Files (x86)/MiKTeX 2.9/font
s/enc/dvips/lm/lm-mathsy.enc}{C:/Program Files (x86)/MiKTeX 2.9/fonts/enc/dvips
/lm/lm-mathex.enc}<C:/Program Files (x86)/MiKTeX 2.9/fonts/type1/public/lm/lmex
10.pfb><C:/Program Files (x86)/MiKTeX 2.9/fonts/type1/public/lm/lmmi10.pfb><C:/
Program Files (x86)/MiKTeX 2.9/fonts/type1/public/lm/lmmi12.pfb><C:/Program Fil
es (x86)/MiKTeX 2.9/fonts/type1/public/lm/lmss10.pfb><C:/Program Files (x86)/Mi
KTeX 2.9/fonts/type1/public/lm/lmss12.pfb><C:/Program Files (x86)/MiKTeX 2.9/fo
nts/type1/public/lm/lmss8.pfb><C:/Program Files (x86)/MiKTeX 2.9/fonts/type1/pu
blic/lm/lmssbx10.pfb><C:/Program Files (x86)/MiKTeX 2.9/fonts/type1/public/lm/l
msso10.pfb><C:/Program Files (x86)/MiKTeX 2.9/fonts/type1/public/lm/lmsso12.pfb
><C:/Program Files (x86)/MiKTeX 2.9/fonts/type1/public/lm/lmsso8.pfb><C:/Progra
m Files (x86)/MiKTeX 2.9/fonts/type1/public/lm/lmsy10.pfb><C:/Program Files (x8
6)/MiKTeX 2.9/fonts/type1/public/lm/lmsy8.pfb><C:/Program Files (x86)/MiKTeX 2.
9/fonts/type1/public/lm/lmtt10.pfb><C:/Program Files (x86)/MiKTeX 2.9/fonts/typ
e1/public/amsfonts/symbols/msam10.pfb>
Output written on Vortrag.pdf (56 pages, 2072998 bytes).
PDF statistics:
 1641 PDF objects out of 1728 (max. 8388607)
 118 named destinations out of 1000 (max. 500000)
 312 words of extra memory for PDF output out of 10000 (max. 10000000)

